<html xmlns:math="http://exslt.org/math" xmlns:testng="http://testng.org">
   <head>
      <title>TestNG Results</title>
      <meta http-equiv="content-type" content="text/html; charset=utf-8"></meta>
      <meta http-equiv="pragma" content="no-cache"></meta>
      <meta http-equiv="cache-control" content="max-age=0"></meta>
      <meta http-equiv="cache-control" content="no-cache"></meta>
      <meta http-equiv="cache-control" content="no-store"></meta>
      <LINK rel="stylesheet" href="style.css"></LINK>
      <script type="text/javascript" src="main.js"></script>
   </head>
   <body>
      <table width="100%" style="font-size: 16px; margin-bottom: 10px;" cellspacing="1">
         <tr>
            <td width="100%">
               Test case
               
               <b>Lead Test</b>
            </td>
            <td style="background-color: #FFBBBB; padding: 3px 3px 3px 0;" align="center">
               <div style="width: 50px;">3</div>
            </td>
            <td style="background-color: lightgreen; padding: 3px 3px 3px 0;" align="center">
               <div style="width: 50px;">0</div>
            </td>
            <td style="background-color: #FFFFBB; padding: 3px 3px 3px 0;" align="center">
               <div style="width: 50px;">6</div>
            </td>
            <td align="center" style="background-color: #eaf0f7; padding: 3px 3px 3px 0;">
               <div style="width: 50px;">9</div>
            </td>
            <td align="center"
                style="font-weight: bold; background-color: #eaf0f7; padding: 3px 3px 3px 0;">
               <div style="width: 50px;">0%</div>
            </td>
            <td style="background-color: #eaf0f7; padding: 3px 3px 3px 0;" align="center"
                nowrap="true">2m
               40s
               
            </td>
         </tr>
      </table>
      <div style="width: 200px;">
         <label for="groupMethodsCheckBox" style="font-weight: bold; margin: 0;">
            <input id="groupMethodsCheckBox" type="checkbox" onclick="switchTestMethodsView(this)"></input>
            Group by class
            
         </label>
         <br></br>
         <label for="methodsFilter_ALL" style="font-weight: bold; margin: 0;">
            <input id="methodsFilter_ALL" type="checkbox"
                   onclick="testMethodsFilterChanged(this, 'ALL')"></input>
            All
            
         </label>
      </div>
      <label for="methodsFilter_FAIL" style="margin-left: 20px;">
         <input id="methodsFilter_FAIL" type="checkbox"
                onclick="testMethodsFilterChanged(this, 'FAIL')"
                checked=""></input>
         Failed
         
      </label>
      <label for="methodsFilter_PASS">
         <input id="methodsFilter_PASS" type="checkbox"
                onclick="testMethodsFilterChanged(this, 'PASS')"
                checked=""></input>
         Passed
         
      </label>
      <label for="methodsFilter_SKIP">
         <input id="methodsFilter_SKIP" type="checkbox"
                onclick="testMethodsFilterChanged(this, 'SKIP')"
                checked=""></input>
         Skipped
         
      </label>
      <label for="methodsFilter_CONF">
         <input id="methodsFilter_CONF" type="checkbox"
                onclick="testMethodsFilterChanged(this, 'CONF')"></input>
         Config
         
      </label>
      <br></br>
      <div id="testMethodsByStatus">
         <table class="testMethodsTable" cellpadding="0" cellspacing="0">
            <tr class="methodsTableHeader">
               <td width="100%">Name</td>
               <td nowrap="true">Started</td>
               <td nowrap="true">Duration</td>
               <td>Exception</td>
            </tr>
            <tr id="com.qtpselenium.zoho.project.testcases.LeadTest_createLeadTest_byStatus_failed_FAIL1_row"
                class="testMethodStatusFAIL">
               <td width="100%" class="firstMethodCell">
                  <a onclick="toggleDetailsVisibility('com.qtpselenium.zoho.project.testcases.LeadTest_createLeadTest_byStatus_failed_FAIL1_details')">createLeadTest({LeadLastName=Wilson, Runmode=Y, LeadCompany=Samsung, Browser=Mozilla})</a>
               </td>
               <td nowrap="true">13:24:47</td>
               <td nowrap="true" align="right">1m
                  13s
                  
               </td>
               <td nowrap="true">
                  <a onclick="toggleDetailsVisibility('com.qtpselenium.zoho.project.testcases.LeadTest_createLeadTest_byStatus_failed_FAIL1_exception')">java.lang.NullPointerException: 
                     null value in entry: url=null
                     
                  </a>
                   
                  
               </td>
            </tr>
            <tr>
               <td colspan="4" class="detailsBox">
                  <div id="com.qtpselenium.zoho.project.testcases.LeadTest_createLeadTest_byStatus_failed_FAIL1_details"
                       class="testMethodDetails">
                     <div>
                        <b>Name: </b>createLeadTest
                     </div>
                     <div>
                        <b>Signature: </b>createLeadTest(java.util.Hashtable)[pri:1, instance:com.qtpselenium.zoho.project.testcases.LeadTest@7a187f14]
                     </div>
                     <div>
                        <b>Parameters: </b>
                        
                        {LeadLastName=Wilson, Runmode=Y, LeadCompany=Samsung, Browser=Mozilla}
                        
                        
                     </div>
                     <div>
                        <b>Start time: </b>13:24:47
                     </div>
                     <div>
                        <b>End time: </b>13:26:00
                     </div>
                     <div>
                        <b>Duration: </b>1m
                        13s
                        
                     </div>
                  </div>
               </td>
            </tr>
            <tr>
               <td colspan="4" class="detailsBox">
                  <div id="com.qtpselenium.zoho.project.testcases.LeadTest_createLeadTest_byStatus_failed_FAIL1_exception"
                       class="testMethodDetails">
                     <pre style="padding: 5px; margin: 0;">java.lang.NullPointerException: null value in entry: url=null
                        	at com.google.common.collect.CollectPreconditions.checkEntryNotNull(CollectPreconditions.java:33)
                        	at com.google.common.collect.SingletonImmutableBiMap.&lt;init&gt;(SingletonImmutableBiMap.java:39)
                        	at com.google.common.collect.ImmutableBiMap.of(ImmutableBiMap.java:49)
                        	at com.google.common.collect.ImmutableMap.of(ImmutableMap.java:70)
                        	at org.openqa.selenium.remote.RemoteWebDriver.get(RemoteWebDriver.java:316)
                        	at com.qtpselenium.zoho.project.base.BaseTest.navigate(BaseTest.java:110)
                        	at com.qtpselenium.zoho.project.testcases.LeadTest.createLeadTest(LeadTest.java:37)
                        	at sun.reflect.NativeMethodAccessorImpl.invoke0(Native Method)
                        	at sun.reflect.NativeMethodAccessorImpl.invoke(NativeMethodAccessorImpl.java:62)
                        	at sun.reflect.DelegatingMethodAccessorImpl.invoke(DelegatingMethodAccessorImpl.java:43)
                        	at java.lang.reflect.Method.invoke(Method.java:483)
                        	at org.testng.internal.MethodInvocationHelper.invokeMethod(MethodInvocationHelper.java:85)
                        	at org.testng.internal.Invoker.invokeMethod(Invoker.java:639)
                        	at org.testng.internal.Invoker.invokeTestMethod(Invoker.java:816)
                        	at org.testng.internal.TestMethodWithDataProviderMethodWorker.call(TestMethodWithDataProviderMethodWorker.java:75)
                        	at org.testng.internal.TestMethodWithDataProviderMethodWorker.call(TestMethodWithDataProviderMethodWorker.java:14)
                        	at java.util.concurrent.FutureTask.run(FutureTask.java:266)
                        	at java.util.concurrent.Executors$RunnableAdapter.call(Executors.java:511)
                        	at java.util.concurrent.FutureTask.run(FutureTask.java:266)
                        	at java.util.concurrent.ThreadPoolExecutor.runWorker(ThreadPoolExecutor.java:1142)
                        	at java.util.concurrent.ThreadPoolExecutor$Worker.run(ThreadPoolExecutor.java:617)
                        	at java.lang.Thread.run(Thread.java:745)
                     </pre>
                  </div>
               </td>
            </tr>
            <tr id="com.qtpselenium.zoho.project.testcases.LeadTest_convertLeadTest_byStatus_failed_FAIL2_row"
                class="testMethodStatusFAIL">
               <td width="100%" class="firstMethodCell">
                  <a onclick="toggleDetailsVisibility('com.qtpselenium.zoho.project.testcases.LeadTest_convertLeadTest_byStatus_failed_FAIL2_details')">convertLeadTest({LeadLastName=Wilson, Runmode=Y, LeadCompany=Samsung, Browser=Mozilla})</a>
               </td>
               <td nowrap="true">13:26:02</td>
               <td nowrap="true" align="right">15s
                  
               </td>
               <td nowrap="true">
                  <a onclick="toggleDetailsVisibility('com.qtpselenium.zoho.project.testcases.LeadTest_convertLeadTest_byStatus_failed_FAIL2_exception')">java.lang.NullPointerException: 
                     null value in entry: url=null
                     
                  </a>
                   
                  
               </td>
            </tr>
            <tr>
               <td colspan="4" class="detailsBox">
                  <div id="com.qtpselenium.zoho.project.testcases.LeadTest_convertLeadTest_byStatus_failed_FAIL2_details"
                       class="testMethodDetails">
                     <div>
                        <b>Name: </b>convertLeadTest
                     </div>
                     <div>
                        <b>Signature: </b>convertLeadTest(java.util.Hashtable)[pri:2, instance:com.qtpselenium.zoho.project.testcases.LeadTest@7a187f14]
                     </div>
                     <div>
                        <b>Parameters: </b>
                        
                        {LeadLastName=Wilson, Runmode=Y, LeadCompany=Samsung, Browser=Mozilla}
                        
                        
                     </div>
                     <div>
                        <b>Start time: </b>13:26:02
                     </div>
                     <div>
                        <b>End time: </b>13:26:17
                     </div>
                     <div>
                        <b>Duration: </b>15s
                        
                     </div>
                  </div>
               </td>
            </tr>
            <tr>
               <td colspan="4" class="detailsBox">
                  <div id="com.qtpselenium.zoho.project.testcases.LeadTest_convertLeadTest_byStatus_failed_FAIL2_exception"
                       class="testMethodDetails">
                     <pre style="padding: 5px; margin: 0;">java.lang.NullPointerException: null value in entry: url=null
                        	at com.google.common.collect.CollectPreconditions.checkEntryNotNull(CollectPreconditions.java:33)
                        	at com.google.common.collect.SingletonImmutableBiMap.&lt;init&gt;(SingletonImmutableBiMap.java:39)
                        	at com.google.common.collect.ImmutableBiMap.of(ImmutableBiMap.java:49)
                        	at com.google.common.collect.ImmutableMap.of(ImmutableMap.java:70)
                        	at org.openqa.selenium.remote.RemoteWebDriver.get(RemoteWebDriver.java:316)
                        	at com.qtpselenium.zoho.project.base.BaseTest.navigate(BaseTest.java:110)
                        	at com.qtpselenium.zoho.project.testcases.LeadTest.convertLeadTest(LeadTest.java:70)
                        	at sun.reflect.NativeMethodAccessorImpl.invoke0(Native Method)
                        	at sun.reflect.NativeMethodAccessorImpl.invoke(NativeMethodAccessorImpl.java:62)
                        	at sun.reflect.DelegatingMethodAccessorImpl.invoke(DelegatingMethodAccessorImpl.java:43)
                        	at java.lang.reflect.Method.invoke(Method.java:483)
                        	at org.testng.internal.MethodInvocationHelper.invokeMethod(MethodInvocationHelper.java:85)
                        	at org.testng.internal.Invoker.invokeMethod(Invoker.java:639)
                        	at org.testng.internal.Invoker.invokeTestMethod(Invoker.java:816)
                        	at org.testng.internal.TestMethodWithDataProviderMethodWorker.call(TestMethodWithDataProviderMethodWorker.java:75)
                        	at org.testng.internal.TestMethodWithDataProviderMethodWorker.call(TestMethodWithDataProviderMethodWorker.java:14)
                        	at java.util.concurrent.FutureTask.run(FutureTask.java:266)
                        	at java.util.concurrent.Executors$RunnableAdapter.call(Executors.java:511)
                        	at java.util.concurrent.FutureTask.run(FutureTask.java:266)
                        	at java.util.concurrent.ThreadPoolExecutor.runWorker(ThreadPoolExecutor.java:1142)
                        	at java.util.concurrent.ThreadPoolExecutor$Worker.run(ThreadPoolExecutor.java:617)
                        	at java.lang.Thread.run(Thread.java:745)
                     </pre>
                  </div>
               </td>
            </tr>
            <tr id="com.qtpselenium.zoho.project.testcases.LeadTest_deleteLeadAccountTest_byStatus_failed_FAIL3_row"
                class="testMethodStatusFAIL">
               <td width="100%" class="firstMethodCell">
                  <a onclick="toggleDetailsVisibility('com.qtpselenium.zoho.project.testcases.LeadTest_deleteLeadAccountTest_byStatus_failed_FAIL3_details')">deleteLeadAccountTest({LeadLastName=Chambers, Runmode=Y, LeadCompany=CISCO, Browser=Mozilla})</a>
               </td>
               <td nowrap="true">13:26:19</td>
               <td nowrap="true" align="right">6s
                  
               </td>
               <td nowrap="true">
                  <a onclick="toggleDetailsVisibility('com.qtpselenium.zoho.project.testcases.LeadTest_deleteLeadAccountTest_byStatus_failed_FAIL3_exception')">java.lang.NullPointerException: 
                     null value in entry: url=null
                     
                  </a>
                   
                  
               </td>
            </tr>
            <tr>
               <td colspan="4" class="detailsBox">
                  <div id="com.qtpselenium.zoho.project.testcases.LeadTest_deleteLeadAccountTest_byStatus_failed_FAIL3_details"
                       class="testMethodDetails">
                     <div>
                        <b>Name: </b>deleteLeadAccountTest
                     </div>
                     <div>
                        <b>Signature: </b>deleteLeadAccountTest(java.util.Hashtable)[pri:3, instance:com.qtpselenium.zoho.project.testcases.LeadTest@7a187f14]
                     </div>
                     <div>
                        <b>Parameters: </b>
                        
                        {LeadLastName=Chambers, Runmode=Y, LeadCompany=CISCO, Browser=Mozilla}
                        
                        
                     </div>
                     <div>
                        <b>Start time: </b>13:26:19
                     </div>
                     <div>
                        <b>End time: </b>13:26:24
                     </div>
                     <div>
                        <b>Duration: </b>6s
                        
                     </div>
                  </div>
               </td>
            </tr>
            <tr>
               <td colspan="4" class="detailsBox">
                  <div id="com.qtpselenium.zoho.project.testcases.LeadTest_deleteLeadAccountTest_byStatus_failed_FAIL3_exception"
                       class="testMethodDetails">
                     <pre style="padding: 5px; margin: 0;">java.lang.NullPointerException: null value in entry: url=null
                        	at com.google.common.collect.CollectPreconditions.checkEntryNotNull(CollectPreconditions.java:33)
                        	at com.google.common.collect.SingletonImmutableBiMap.&lt;init&gt;(SingletonImmutableBiMap.java:39)
                        	at com.google.common.collect.ImmutableBiMap.of(ImmutableBiMap.java:49)
                        	at com.google.common.collect.ImmutableMap.of(ImmutableMap.java:70)
                        	at org.openqa.selenium.remote.RemoteWebDriver.get(RemoteWebDriver.java:316)
                        	at com.qtpselenium.zoho.project.base.BaseTest.navigate(BaseTest.java:110)
                        	at com.qtpselenium.zoho.project.testcases.LeadTest.deleteLeadAccountTest(LeadTest.java:93)
                        	at sun.reflect.NativeMethodAccessorImpl.invoke0(Native Method)
                        	at sun.reflect.NativeMethodAccessorImpl.invoke(NativeMethodAccessorImpl.java:62)
                        	at sun.reflect.DelegatingMethodAccessorImpl.invoke(DelegatingMethodAccessorImpl.java:43)
                        	at java.lang.reflect.Method.invoke(Method.java:483)
                        	at org.testng.internal.MethodInvocationHelper.invokeMethod(MethodInvocationHelper.java:85)
                        	at org.testng.internal.Invoker.invokeMethod(Invoker.java:639)
                        	at org.testng.internal.Invoker.invokeTestMethod(Invoker.java:816)
                        	at org.testng.internal.TestMethodWithDataProviderMethodWorker.call(TestMethodWithDataProviderMethodWorker.java:75)
                        	at org.testng.internal.TestMethodWithDataProviderMethodWorker.call(TestMethodWithDataProviderMethodWorker.java:14)
                        	at java.util.concurrent.FutureTask.run(FutureTask.java:266)
                        	at java.util.concurrent.Executors$RunnableAdapter.call(Executors.java:511)
                        	at java.util.concurrent.FutureTask.run(FutureTask.java:266)
                        	at java.util.concurrent.ThreadPoolExecutor.runWorker(ThreadPoolExecutor.java:1142)
                        	at java.util.concurrent.ThreadPoolExecutor$Worker.run(ThreadPoolExecutor.java:617)
                        	at java.lang.Thread.run(Thread.java:745)
                     </pre>
                  </div>
               </td>
            </tr>
            <tr id="com.qtpselenium.zoho.project.testcases.LeadTest_init_byStatus_passed_PASS1_row"
                class="testMethodStatusPASS testMethodStatusCONF">
               <td width="100%" class="firstMethodCell">
                  <a onclick="toggleDetailsVisibility('com.qtpselenium.zoho.project.testcases.LeadTest_init_byStatus_passed_PASS1_details')">init()</a>
               </td>
               <td nowrap="true">13:24:47</td>
               <td nowrap="true" align="right">4 ms
                  
               </td>
               <td nowrap="true">
                   
                  
               </td>
            </tr>
            <tr>
               <td colspan="4" class="detailsBox">
                  <div id="com.qtpselenium.zoho.project.testcases.LeadTest_init_byStatus_passed_PASS1_details"
                       class="testMethodDetails">
                     <div>
                        <b>Name: </b>init
                     </div>
                     <div>
                        <b>Signature: </b>init()[pri:0, instance:com.qtpselenium.zoho.project.testcases.LeadTest@7a187f14]
                     </div>
                     <div>
                        <b>Start time: </b>13:24:47
                     </div>
                     <div>
                        <b>End time: </b>13:24:47
                     </div>
                     <div>
                        <b>Duration: </b>4 ms
                        
                     </div>
                  </div>
               </td>
            </tr>
            <tr></tr>
            <tr id="com.qtpselenium.zoho.project.testcases.LeadTest_init_byStatus_passed_PASS2_row"
                class="testMethodStatusPASS testMethodStatusCONF">
               <td width="100%" class="firstMethodCell">
                  <a onclick="toggleDetailsVisibility('com.qtpselenium.zoho.project.testcases.LeadTest_init_byStatus_passed_PASS2_details')">init()</a>
               </td>
               <td nowrap="true">13:24:47</td>
               <td nowrap="true" align="right">3 ms
                  
               </td>
               <td nowrap="true">
                   
                  
               </td>
            </tr>
            <tr>
               <td colspan="4" class="detailsBox">
                  <div id="com.qtpselenium.zoho.project.testcases.LeadTest_init_byStatus_passed_PASS2_details"
                       class="testMethodDetails">
                     <div>
                        <b>Name: </b>init
                     </div>
                     <div>
                        <b>Signature: </b>init()[pri:0, instance:com.qtpselenium.zoho.project.testcases.LeadTest@7a187f14]
                     </div>
                     <div>
                        <b>Start time: </b>13:24:47
                     </div>
                     <div>
                        <b>End time: </b>13:24:47
                     </div>
                     <div>
                        <b>Duration: </b>3 ms
                        
                     </div>
                  </div>
               </td>
            </tr>
            <tr></tr>
            <tr id="com.qtpselenium.zoho.project.testcases.LeadTest_init_byStatus_passed_PASS3_row"
                class="testMethodStatusPASS testMethodStatusCONF">
               <td width="100%" class="firstMethodCell">
                  <a onclick="toggleDetailsVisibility('com.qtpselenium.zoho.project.testcases.LeadTest_init_byStatus_passed_PASS3_details')">init()</a>
               </td>
               <td nowrap="true">13:24:47</td>
               <td nowrap="true" align="right">3 ms
                  
               </td>
               <td nowrap="true">
                   
                  
               </td>
            </tr>
            <tr>
               <td colspan="4" class="detailsBox">
                  <div id="com.qtpselenium.zoho.project.testcases.LeadTest_init_byStatus_passed_PASS3_details"
                       class="testMethodDetails">
                     <div>
                        <b>Name: </b>init
                     </div>
                     <div>
                        <b>Signature: </b>init()[pri:0, instance:com.qtpselenium.zoho.project.testcases.LeadTest@7a187f14]
                     </div>
                     <div>
                        <b>Start time: </b>13:24:47
                     </div>
                     <div>
                        <b>End time: </b>13:24:47
                     </div>
                     <div>
                        <b>Duration: </b>3 ms
                        
                     </div>
                  </div>
               </td>
            </tr>
            <tr></tr>
            <tr id="com.qtpselenium.zoho.project.testcases.LeadTest_init_byStatus_passed_PASS4_row"
                class="testMethodStatusPASS testMethodStatusCONF">
               <td width="100%" class="firstMethodCell">
                  <a onclick="toggleDetailsVisibility('com.qtpselenium.zoho.project.testcases.LeadTest_init_byStatus_passed_PASS4_details')">init()</a>
               </td>
               <td nowrap="true">13:24:47</td>
               <td nowrap="true" align="right">2 ms
                  
               </td>
               <td nowrap="true">
                   
                  
               </td>
            </tr>
            <tr>
               <td colspan="4" class="detailsBox">
                  <div id="com.qtpselenium.zoho.project.testcases.LeadTest_init_byStatus_passed_PASS4_details"
                       class="testMethodDetails">
                     <div>
                        <b>Name: </b>init
                     </div>
                     <div>
                        <b>Signature: </b>init()[pri:0, instance:com.qtpselenium.zoho.project.testcases.LeadTest@7a187f14]
                     </div>
                     <div>
                        <b>Start time: </b>13:24:47
                     </div>
                     <div>
                        <b>End time: </b>13:24:47
                     </div>
                     <div>
                        <b>Duration: </b>2 ms
                        
                     </div>
                  </div>
               </td>
            </tr>
            <tr></tr>
            <tr id="com.qtpselenium.zoho.project.testcases.LeadTest_quit_byStatus_passed_PASS5_row"
                class="testMethodStatusPASS testMethodStatusCONF">
               <td width="100%" class="firstMethodCell">
                  <a onclick="toggleDetailsVisibility('com.qtpselenium.zoho.project.testcases.LeadTest_quit_byStatus_passed_PASS5_details')">quit()</a>
               </td>
               <td nowrap="true">13:24:47</td>
               <td nowrap="true" align="right">1s
                  
               </td>
               <td nowrap="true">
                   
                  
               </td>
            </tr>
            <tr>
               <td colspan="4" class="detailsBox">
                  <div id="com.qtpselenium.zoho.project.testcases.LeadTest_quit_byStatus_passed_PASS5_details"
                       class="testMethodDetails">
                     <div>
                        <b>Name: </b>quit
                     </div>
                     <div>
                        <b>Signature: </b>quit()[pri:0, instance:com.qtpselenium.zoho.project.testcases.LeadTest@7a187f14]
                     </div>
                     <div>
                        <b>Start time: </b>13:24:47
                     </div>
                     <div>
                        <b>End time: </b>13:24:48
                     </div>
                     <div>
                        <b>Duration: </b>1s
                        
                     </div>
                  </div>
               </td>
            </tr>
            <tr></tr>
            <tr id="com.qtpselenium.zoho.project.testcases.LeadTest_quit_byStatus_passed_PASS6_row"
                class="testMethodStatusPASS testMethodStatusCONF">
               <td width="100%" class="firstMethodCell">
                  <a onclick="toggleDetailsVisibility('com.qtpselenium.zoho.project.testcases.LeadTest_quit_byStatus_passed_PASS6_details')">quit()</a>
               </td>
               <td nowrap="true">13:24:47</td>
               <td nowrap="true" align="right">1s
                  
               </td>
               <td nowrap="true">
                   
                  
               </td>
            </tr>
            <tr>
               <td colspan="4" class="detailsBox">
                  <div id="com.qtpselenium.zoho.project.testcases.LeadTest_quit_byStatus_passed_PASS6_details"
                       class="testMethodDetails">
                     <div>
                        <b>Name: </b>quit
                     </div>
                     <div>
                        <b>Signature: </b>quit()[pri:0, instance:com.qtpselenium.zoho.project.testcases.LeadTest@7a187f14]
                     </div>
                     <div>
                        <b>Start time: </b>13:24:47
                     </div>
                     <div>
                        <b>End time: </b>13:24:48
                     </div>
                     <div>
                        <b>Duration: </b>1s
                        
                     </div>
                  </div>
               </td>
            </tr>
            <tr></tr>
            <tr id="com.qtpselenium.zoho.project.testcases.LeadTest_quit_byStatus_passed_PASS7_row"
                class="testMethodStatusPASS testMethodStatusCONF">
               <td width="100%" class="firstMethodCell">
                  <a onclick="toggleDetailsVisibility('com.qtpselenium.zoho.project.testcases.LeadTest_quit_byStatus_passed_PASS7_details')">quit()</a>
               </td>
               <td nowrap="true">13:24:47</td>
               <td nowrap="true" align="right">1s
                  
               </td>
               <td nowrap="true">
                   
                  
               </td>
            </tr>
            <tr>
               <td colspan="4" class="detailsBox">
                  <div id="com.qtpselenium.zoho.project.testcases.LeadTest_quit_byStatus_passed_PASS7_details"
                       class="testMethodDetails">
                     <div>
                        <b>Name: </b>quit
                     </div>
                     <div>
                        <b>Signature: </b>quit()[pri:0, instance:com.qtpselenium.zoho.project.testcases.LeadTest@7a187f14]
                     </div>
                     <div>
                        <b>Start time: </b>13:24:47
                     </div>
                     <div>
                        <b>End time: </b>13:24:48
                     </div>
                     <div>
                        <b>Duration: </b>1s
                        
                     </div>
                  </div>
               </td>
            </tr>
            <tr></tr>
            <tr id="com.qtpselenium.zoho.project.testcases.LeadTest_quit_byStatus_passed_PASS8_row"
                class="testMethodStatusPASS testMethodStatusCONF">
               <td width="100%" class="firstMethodCell">
                  <a onclick="toggleDetailsVisibility('com.qtpselenium.zoho.project.testcases.LeadTest_quit_byStatus_passed_PASS8_details')">quit()</a>
               </td>
               <td nowrap="true">13:26:00</td>
               <td nowrap="true" align="right">2s
                  
               </td>
               <td nowrap="true">
                   
                  
               </td>
            </tr>
            <tr>
               <td colspan="4" class="detailsBox">
                  <div id="com.qtpselenium.zoho.project.testcases.LeadTest_quit_byStatus_passed_PASS8_details"
                       class="testMethodDetails">
                     <div>
                        <b>Name: </b>quit
                     </div>
                     <div>
                        <b>Signature: </b>quit()[pri:0, instance:com.qtpselenium.zoho.project.testcases.LeadTest@7a187f14]
                     </div>
                     <div>
                        <b>Start time: </b>13:26:00
                     </div>
                     <div>
                        <b>End time: </b>13:26:02
                     </div>
                     <div>
                        <b>Duration: </b>2s
                        
                     </div>
                  </div>
               </td>
            </tr>
            <tr></tr>
            <tr id="com.qtpselenium.zoho.project.testcases.LeadTest_init_byStatus_passed_PASS9_row"
                class="testMethodStatusPASS testMethodStatusCONF">
               <td width="100%" class="firstMethodCell">
                  <a onclick="toggleDetailsVisibility('com.qtpselenium.zoho.project.testcases.LeadTest_init_byStatus_passed_PASS9_details')">init()</a>
               </td>
               <td nowrap="true">13:26:02</td>
               <td nowrap="true" align="right">0 ms
                  
               </td>
               <td nowrap="true">
                   
                  
               </td>
            </tr>
            <tr>
               <td colspan="4" class="detailsBox">
                  <div id="com.qtpselenium.zoho.project.testcases.LeadTest_init_byStatus_passed_PASS9_details"
                       class="testMethodDetails">
                     <div>
                        <b>Name: </b>init
                     </div>
                     <div>
                        <b>Signature: </b>init()[pri:0, instance:com.qtpselenium.zoho.project.testcases.LeadTest@7a187f14]
                     </div>
                     <div>
                        <b>Start time: </b>13:26:02
                     </div>
                     <div>
                        <b>End time: </b>13:26:02
                     </div>
                     <div>
                        <b>Duration: </b>0 ms
                        
                     </div>
                  </div>
               </td>
            </tr>
            <tr></tr>
            <tr id="com.qtpselenium.zoho.project.testcases.LeadTest_init_byStatus_passed_PASS10_row"
                class="testMethodStatusPASS testMethodStatusCONF">
               <td width="100%" class="firstMethodCell">
                  <a onclick="toggleDetailsVisibility('com.qtpselenium.zoho.project.testcases.LeadTest_init_byStatus_passed_PASS10_details')">init()</a>
               </td>
               <td nowrap="true">13:26:02</td>
               <td nowrap="true" align="right">0 ms
                  
               </td>
               <td nowrap="true">
                   
                  
               </td>
            </tr>
            <tr>
               <td colspan="4" class="detailsBox">
                  <div id="com.qtpselenium.zoho.project.testcases.LeadTest_init_byStatus_passed_PASS10_details"
                       class="testMethodDetails">
                     <div>
                        <b>Name: </b>init
                     </div>
                     <div>
                        <b>Signature: </b>init()[pri:0, instance:com.qtpselenium.zoho.project.testcases.LeadTest@7a187f14]
                     </div>
                     <div>
                        <b>Start time: </b>13:26:02
                     </div>
                     <div>
                        <b>End time: </b>13:26:02
                     </div>
                     <div>
                        <b>Duration: </b>0 ms
                        
                     </div>
                  </div>
               </td>
            </tr>
            <tr></tr>
            <tr id="com.qtpselenium.zoho.project.testcases.LeadTest_init_byStatus_passed_PASS11_row"
                class="testMethodStatusPASS testMethodStatusCONF">
               <td width="100%" class="firstMethodCell">
                  <a onclick="toggleDetailsVisibility('com.qtpselenium.zoho.project.testcases.LeadTest_init_byStatus_passed_PASS11_details')">init()</a>
               </td>
               <td nowrap="true">13:26:02</td>
               <td nowrap="true" align="right">0 ms
                  
               </td>
               <td nowrap="true">
                   
                  
               </td>
            </tr>
            <tr>
               <td colspan="4" class="detailsBox">
                  <div id="com.qtpselenium.zoho.project.testcases.LeadTest_init_byStatus_passed_PASS11_details"
                       class="testMethodDetails">
                     <div>
                        <b>Name: </b>init
                     </div>
                     <div>
                        <b>Signature: </b>init()[pri:0, instance:com.qtpselenium.zoho.project.testcases.LeadTest@7a187f14]
                     </div>
                     <div>
                        <b>Start time: </b>13:26:02
                     </div>
                     <div>
                        <b>End time: </b>13:26:02
                     </div>
                     <div>
                        <b>Duration: </b>0 ms
                        
                     </div>
                  </div>
               </td>
            </tr>
            <tr></tr>
            <tr id="com.qtpselenium.zoho.project.testcases.LeadTest_init_byStatus_passed_PASS12_row"
                class="testMethodStatusPASS testMethodStatusCONF">
               <td width="100%" class="firstMethodCell">
                  <a onclick="toggleDetailsVisibility('com.qtpselenium.zoho.project.testcases.LeadTest_init_byStatus_passed_PASS12_details')">init()</a>
               </td>
               <td nowrap="true">13:26:02</td>
               <td nowrap="true" align="right">1 ms
                  
               </td>
               <td nowrap="true">
                   
                  
               </td>
            </tr>
            <tr>
               <td colspan="4" class="detailsBox">
                  <div id="com.qtpselenium.zoho.project.testcases.LeadTest_init_byStatus_passed_PASS12_details"
                       class="testMethodDetails">
                     <div>
                        <b>Name: </b>init
                     </div>
                     <div>
                        <b>Signature: </b>init()[pri:0, instance:com.qtpselenium.zoho.project.testcases.LeadTest@7a187f14]
                     </div>
                     <div>
                        <b>Start time: </b>13:26:02
                     </div>
                     <div>
                        <b>End time: </b>13:26:02
                     </div>
                     <div>
                        <b>Duration: </b>1 ms
                        
                     </div>
                  </div>
               </td>
            </tr>
            <tr></tr>
            <tr id="com.qtpselenium.zoho.project.testcases.LeadTest_quit_byStatus_passed_PASS13_row"
                class="testMethodStatusPASS testMethodStatusCONF">
               <td width="100%" class="firstMethodCell">
                  <a onclick="toggleDetailsVisibility('com.qtpselenium.zoho.project.testcases.LeadTest_quit_byStatus_passed_PASS13_details')">quit()</a>
               </td>
               <td nowrap="true">13:26:02</td>
               <td nowrap="true" align="right">97 ms
                  
               </td>
               <td nowrap="true">
                   
                  
               </td>
            </tr>
            <tr>
               <td colspan="4" class="detailsBox">
                  <div id="com.qtpselenium.zoho.project.testcases.LeadTest_quit_byStatus_passed_PASS13_details"
                       class="testMethodDetails">
                     <div>
                        <b>Name: </b>quit
                     </div>
                     <div>
                        <b>Signature: </b>quit()[pri:0, instance:com.qtpselenium.zoho.project.testcases.LeadTest@7a187f14]
                     </div>
                     <div>
                        <b>Start time: </b>13:26:02
                     </div>
                     <div>
                        <b>End time: </b>13:26:02
                     </div>
                     <div>
                        <b>Duration: </b>97 ms
                        
                     </div>
                  </div>
               </td>
            </tr>
            <tr></tr>
            <tr id="com.qtpselenium.zoho.project.testcases.LeadTest_quit_byStatus_passed_PASS14_row"
                class="testMethodStatusPASS testMethodStatusCONF">
               <td width="100%" class="firstMethodCell">
                  <a onclick="toggleDetailsVisibility('com.qtpselenium.zoho.project.testcases.LeadTest_quit_byStatus_passed_PASS14_details')">quit()</a>
               </td>
               <td nowrap="true">13:26:02</td>
               <td nowrap="true" align="right">73 ms
                  
               </td>
               <td nowrap="true">
                   
                  
               </td>
            </tr>
            <tr>
               <td colspan="4" class="detailsBox">
                  <div id="com.qtpselenium.zoho.project.testcases.LeadTest_quit_byStatus_passed_PASS14_details"
                       class="testMethodDetails">
                     <div>
                        <b>Name: </b>quit
                     </div>
                     <div>
                        <b>Signature: </b>quit()[pri:0, instance:com.qtpselenium.zoho.project.testcases.LeadTest@7a187f14]
                     </div>
                     <div>
                        <b>Start time: </b>13:26:02
                     </div>
                     <div>
                        <b>End time: </b>13:26:02
                     </div>
                     <div>
                        <b>Duration: </b>73 ms
                        
                     </div>
                  </div>
               </td>
            </tr>
            <tr></tr>
            <tr id="com.qtpselenium.zoho.project.testcases.LeadTest_quit_byStatus_passed_PASS15_row"
                class="testMethodStatusPASS testMethodStatusCONF">
               <td width="100%" class="firstMethodCell">
                  <a onclick="toggleDetailsVisibility('com.qtpselenium.zoho.project.testcases.LeadTest_quit_byStatus_passed_PASS15_details')">quit()</a>
               </td>
               <td nowrap="true">13:26:02</td>
               <td nowrap="true" align="right">120 ms
                  
               </td>
               <td nowrap="true">
                   
                  
               </td>
            </tr>
            <tr>
               <td colspan="4" class="detailsBox">
                  <div id="com.qtpselenium.zoho.project.testcases.LeadTest_quit_byStatus_passed_PASS15_details"
                       class="testMethodDetails">
                     <div>
                        <b>Name: </b>quit
                     </div>
                     <div>
                        <b>Signature: </b>quit()[pri:0, instance:com.qtpselenium.zoho.project.testcases.LeadTest@7a187f14]
                     </div>
                     <div>
                        <b>Start time: </b>13:26:02
                     </div>
                     <div>
                        <b>End time: </b>13:26:02
                     </div>
                     <div>
                        <b>Duration: </b>120 ms
                        
                     </div>
                  </div>
               </td>
            </tr>
            <tr></tr>
            <tr id="com.qtpselenium.zoho.project.testcases.LeadTest_quit_byStatus_passed_PASS16_row"
                class="testMethodStatusPASS testMethodStatusCONF">
               <td width="100%" class="firstMethodCell">
                  <a onclick="toggleDetailsVisibility('com.qtpselenium.zoho.project.testcases.LeadTest_quit_byStatus_passed_PASS16_details')">quit()</a>
               </td>
               <td nowrap="true">13:26:17</td>
               <td nowrap="true" align="right">1s
                  
               </td>
               <td nowrap="true">
                   
                  
               </td>
            </tr>
            <tr>
               <td colspan="4" class="detailsBox">
                  <div id="com.qtpselenium.zoho.project.testcases.LeadTest_quit_byStatus_passed_PASS16_details"
                       class="testMethodDetails">
                     <div>
                        <b>Name: </b>quit
                     </div>
                     <div>
                        <b>Signature: </b>quit()[pri:0, instance:com.qtpselenium.zoho.project.testcases.LeadTest@7a187f14]
                     </div>
                     <div>
                        <b>Start time: </b>13:26:17
                     </div>
                     <div>
                        <b>End time: </b>13:26:19
                     </div>
                     <div>
                        <b>Duration: </b>1s
                        
                     </div>
                  </div>
               </td>
            </tr>
            <tr></tr>
            <tr id="com.qtpselenium.zoho.project.testcases.LeadTest_init_byStatus_passed_PASS17_row"
                class="testMethodStatusPASS testMethodStatusCONF">
               <td width="100%" class="firstMethodCell">
                  <a onclick="toggleDetailsVisibility('com.qtpselenium.zoho.project.testcases.LeadTest_init_byStatus_passed_PASS17_details')">init()</a>
               </td>
               <td nowrap="true">13:26:19</td>
               <td nowrap="true" align="right">0 ms
                  
               </td>
               <td nowrap="true">
                   
                  
               </td>
            </tr>
            <tr>
               <td colspan="4" class="detailsBox">
                  <div id="com.qtpselenium.zoho.project.testcases.LeadTest_init_byStatus_passed_PASS17_details"
                       class="testMethodDetails">
                     <div>
                        <b>Name: </b>init
                     </div>
                     <div>
                        <b>Signature: </b>init()[pri:0, instance:com.qtpselenium.zoho.project.testcases.LeadTest@7a187f14]
                     </div>
                     <div>
                        <b>Start time: </b>13:26:19
                     </div>
                     <div>
                        <b>End time: </b>13:26:19
                     </div>
                     <div>
                        <b>Duration: </b>0 ms
                        
                     </div>
                  </div>
               </td>
            </tr>
            <tr></tr>
            <tr id="com.qtpselenium.zoho.project.testcases.LeadTest_quit_byStatus_passed_PASS18_row"
                class="testMethodStatusPASS testMethodStatusCONF">
               <td width="100%" class="firstMethodCell">
                  <a onclick="toggleDetailsVisibility('com.qtpselenium.zoho.project.testcases.LeadTest_quit_byStatus_passed_PASS18_details')">quit()</a>
               </td>
               <td nowrap="true">13:26:24</td>
               <td nowrap="true" align="right">642 ms
                  
               </td>
               <td nowrap="true">
                   
                  
               </td>
            </tr>
            <tr>
               <td colspan="4" class="detailsBox">
                  <div id="com.qtpselenium.zoho.project.testcases.LeadTest_quit_byStatus_passed_PASS18_details"
                       class="testMethodDetails">
                     <div>
                        <b>Name: </b>quit
                     </div>
                     <div>
                        <b>Signature: </b>quit()[pri:0, instance:com.qtpselenium.zoho.project.testcases.LeadTest@7a187f14]
                     </div>
                     <div>
                        <b>Start time: </b>13:26:24
                     </div>
                     <div>
                        <b>End time: </b>13:26:25
                     </div>
                     <div>
                        <b>Duration: </b>642 ms
                        
                     </div>
                  </div>
               </td>
            </tr>
            <tr></tr>
            <tr id="com.qtpselenium.zoho.project.testcases.LeadTest_createLeadTest_byStatus_skiped_SKIP1_row"
                class="testMethodStatusSKIP">
               <td width="100%" class="firstMethodCell">
                  <a onclick="toggleDetailsVisibility('com.qtpselenium.zoho.project.testcases.LeadTest_createLeadTest_byStatus_skiped_SKIP1_details')">createLeadTest({LeadLastName=Sharma, Runmode=N, LeadCompany=Lenovo, Browser=Chrome})</a>
               </td>
               <td nowrap="true">13:24:47</td>
               <td nowrap="true" align="right">8 ms
                  
               </td>
               <td nowrap="true">
                  <a onclick="toggleDetailsVisibility('com.qtpselenium.zoho.project.testcases.LeadTest_createLeadTest_byStatus_skiped_SKIP1_exception')">org.testng.SkipException: 
                     Skipping the test as runmode is N
                     
                  </a>
                   
                  
               </td>
            </tr>
            <tr>
               <td colspan="4" class="detailsBox">
                  <div id="com.qtpselenium.zoho.project.testcases.LeadTest_createLeadTest_byStatus_skiped_SKIP1_details"
                       class="testMethodDetails">
                     <div>
                        <b>Name: </b>createLeadTest
                     </div>
                     <div>
                        <b>Signature: </b>createLeadTest(java.util.Hashtable)[pri:1, instance:com.qtpselenium.zoho.project.testcases.LeadTest@7a187f14]
                     </div>
                     <div>
                        <b>Parameters: </b>
                        
                        {LeadLastName=Sharma, Runmode=N, LeadCompany=Lenovo, Browser=Chrome}
                        
                        
                     </div>
                     <div>
                        <b>Start time: </b>13:24:47
                     </div>
                     <div>
                        <b>End time: </b>13:24:47
                     </div>
                     <div>
                        <b>Duration: </b>8 ms
                        
                     </div>
                  </div>
               </td>
            </tr>
            <tr>
               <td colspan="4" class="detailsBox">
                  <div id="com.qtpselenium.zoho.project.testcases.LeadTest_createLeadTest_byStatus_skiped_SKIP1_exception"
                       class="testMethodDetails">
                     <pre style="padding: 5px; margin: 0;">org.testng.SkipException: Skipping the test as runmode is N
                        	at com.qtpselenium.zoho.project.testcases.LeadTest.createLeadTest(LeadTest.java:33)
                        	at sun.reflect.NativeMethodAccessorImpl.invoke0(Native Method)
                        	at sun.reflect.NativeMethodAccessorImpl.invoke(NativeMethodAccessorImpl.java:62)
                        	at sun.reflect.DelegatingMethodAccessorImpl.invoke(DelegatingMethodAccessorImpl.java:43)
                        	at java.lang.reflect.Method.invoke(Method.java:483)
                        	at org.testng.internal.MethodInvocationHelper.invokeMethod(MethodInvocationHelper.java:85)
                        	at org.testng.internal.Invoker.invokeMethod(Invoker.java:639)
                        	at org.testng.internal.Invoker.invokeTestMethod(Invoker.java:816)
                        	at org.testng.internal.TestMethodWithDataProviderMethodWorker.call(TestMethodWithDataProviderMethodWorker.java:75)
                        	at org.testng.internal.TestMethodWithDataProviderMethodWorker.call(TestMethodWithDataProviderMethodWorker.java:14)
                        	at java.util.concurrent.FutureTask.run(FutureTask.java:266)
                        	at java.util.concurrent.Executors$RunnableAdapter.call(Executors.java:511)
                        	at java.util.concurrent.FutureTask.run(FutureTask.java:266)
                        	at java.util.concurrent.ThreadPoolExecutor.runWorker(ThreadPoolExecutor.java:1142)
                        	at java.util.concurrent.ThreadPoolExecutor$Worker.run(ThreadPoolExecutor.java:617)
                        	at java.lang.Thread.run(Thread.java:745)
                     </pre>
                  </div>
               </td>
            </tr>
            <tr id="com.qtpselenium.zoho.project.testcases.LeadTest_createLeadTest_byStatus_skiped_SKIP2_row"
                class="testMethodStatusSKIP">
               <td width="100%" class="firstMethodCell">
                  <a onclick="toggleDetailsVisibility('com.qtpselenium.zoho.project.testcases.LeadTest_createLeadTest_byStatus_skiped_SKIP2_details')">createLeadTest({LeadLastName=Sam, Runmode=N, LeadCompany=Sony, Browser=Mozilla})</a>
               </td>
               <td nowrap="true">13:24:47</td>
               <td nowrap="true" align="right">8 ms
                  
               </td>
               <td nowrap="true">
                  <a onclick="toggleDetailsVisibility('com.qtpselenium.zoho.project.testcases.LeadTest_createLeadTest_byStatus_skiped_SKIP2_exception')">org.testng.SkipException: 
                     Skipping the test as runmode is N
                     
                  </a>
                   
                  
               </td>
            </tr>
            <tr>
               <td colspan="4" class="detailsBox">
                  <div id="com.qtpselenium.zoho.project.testcases.LeadTest_createLeadTest_byStatus_skiped_SKIP2_details"
                       class="testMethodDetails">
                     <div>
                        <b>Name: </b>createLeadTest
                     </div>
                     <div>
                        <b>Signature: </b>createLeadTest(java.util.Hashtable)[pri:1, instance:com.qtpselenium.zoho.project.testcases.LeadTest@7a187f14]
                     </div>
                     <div>
                        <b>Parameters: </b>
                        
                        {LeadLastName=Sam, Runmode=N, LeadCompany=Sony, Browser=Mozilla}
                        
                        
                     </div>
                     <div>
                        <b>Start time: </b>13:24:47
                     </div>
                     <div>
                        <b>End time: </b>13:24:47
                     </div>
                     <div>
                        <b>Duration: </b>8 ms
                        
                     </div>
                  </div>
               </td>
            </tr>
            <tr>
               <td colspan="4" class="detailsBox">
                  <div id="com.qtpselenium.zoho.project.testcases.LeadTest_createLeadTest_byStatus_skiped_SKIP2_exception"
                       class="testMethodDetails">
                     <pre style="padding: 5px; margin: 0;">org.testng.SkipException: Skipping the test as runmode is N
                        	at com.qtpselenium.zoho.project.testcases.LeadTest.createLeadTest(LeadTest.java:33)
                        	at sun.reflect.NativeMethodAccessorImpl.invoke0(Native Method)
                        	at sun.reflect.NativeMethodAccessorImpl.invoke(NativeMethodAccessorImpl.java:62)
                        	at sun.reflect.DelegatingMethodAccessorImpl.invoke(DelegatingMethodAccessorImpl.java:43)
                        	at java.lang.reflect.Method.invoke(Method.java:483)
                        	at org.testng.internal.MethodInvocationHelper.invokeMethod(MethodInvocationHelper.java:85)
                        	at org.testng.internal.Invoker.invokeMethod(Invoker.java:639)
                        	at org.testng.internal.Invoker.invokeTestMethod(Invoker.java:816)
                        	at org.testng.internal.TestMethodWithDataProviderMethodWorker.call(TestMethodWithDataProviderMethodWorker.java:75)
                        	at org.testng.internal.TestMethodWithDataProviderMethodWorker.call(TestMethodWithDataProviderMethodWorker.java:14)
                        	at java.util.concurrent.FutureTask.run(FutureTask.java:266)
                        	at java.util.concurrent.Executors$RunnableAdapter.call(Executors.java:511)
                        	at java.util.concurrent.FutureTask.run(FutureTask.java:266)
                        	at java.util.concurrent.ThreadPoolExecutor.runWorker(ThreadPoolExecutor.java:1142)
                        	at java.util.concurrent.ThreadPoolExecutor$Worker.run(ThreadPoolExecutor.java:617)
                        	at java.lang.Thread.run(Thread.java:745)
                     </pre>
                  </div>
               </td>
            </tr>
            <tr id="com.qtpselenium.zoho.project.testcases.LeadTest_createLeadTest_byStatus_skiped_SKIP3_row"
                class="testMethodStatusSKIP">
               <td width="100%" class="firstMethodCell">
                  <a onclick="toggleDetailsVisibility('com.qtpselenium.zoho.project.testcases.LeadTest_createLeadTest_byStatus_skiped_SKIP3_details')">createLeadTest({LeadLastName=Watson, Runmode=N, LeadCompany=HP, Browser=Chrome})</a>
               </td>
               <td nowrap="true">13:24:47</td>
               <td nowrap="true" align="right">10 ms
                  
               </td>
               <td nowrap="true">
                  <a onclick="toggleDetailsVisibility('com.qtpselenium.zoho.project.testcases.LeadTest_createLeadTest_byStatus_skiped_SKIP3_exception')">org.testng.SkipException: 
                     Skipping the test as runmode is N
                     
                  </a>
                   
                  
               </td>
            </tr>
            <tr>
               <td colspan="4" class="detailsBox">
                  <div id="com.qtpselenium.zoho.project.testcases.LeadTest_createLeadTest_byStatus_skiped_SKIP3_details"
                       class="testMethodDetails">
                     <div>
                        <b>Name: </b>createLeadTest
                     </div>
                     <div>
                        <b>Signature: </b>createLeadTest(java.util.Hashtable)[pri:1, instance:com.qtpselenium.zoho.project.testcases.LeadTest@7a187f14]
                     </div>
                     <div>
                        <b>Parameters: </b>
                        
                        {LeadLastName=Watson, Runmode=N, LeadCompany=HP, Browser=Chrome}
                        
                        
                     </div>
                     <div>
                        <b>Start time: </b>13:24:47
                     </div>
                     <div>
                        <b>End time: </b>13:24:47
                     </div>
                     <div>
                        <b>Duration: </b>10 ms
                        
                     </div>
                  </div>
               </td>
            </tr>
            <tr>
               <td colspan="4" class="detailsBox">
                  <div id="com.qtpselenium.zoho.project.testcases.LeadTest_createLeadTest_byStatus_skiped_SKIP3_exception"
                       class="testMethodDetails">
                     <pre style="padding: 5px; margin: 0;">org.testng.SkipException: Skipping the test as runmode is N
                        	at com.qtpselenium.zoho.project.testcases.LeadTest.createLeadTest(LeadTest.java:33)
                        	at sun.reflect.NativeMethodAccessorImpl.invoke0(Native Method)
                        	at sun.reflect.NativeMethodAccessorImpl.invoke(NativeMethodAccessorImpl.java:62)
                        	at sun.reflect.DelegatingMethodAccessorImpl.invoke(DelegatingMethodAccessorImpl.java:43)
                        	at java.lang.reflect.Method.invoke(Method.java:483)
                        	at org.testng.internal.MethodInvocationHelper.invokeMethod(MethodInvocationHelper.java:85)
                        	at org.testng.internal.Invoker.invokeMethod(Invoker.java:639)
                        	at org.testng.internal.Invoker.invokeTestMethod(Invoker.java:816)
                        	at org.testng.internal.TestMethodWithDataProviderMethodWorker.call(TestMethodWithDataProviderMethodWorker.java:75)
                        	at org.testng.internal.TestMethodWithDataProviderMethodWorker.call(TestMethodWithDataProviderMethodWorker.java:14)
                        	at java.util.concurrent.FutureTask.run(FutureTask.java:266)
                        	at java.util.concurrent.Executors$RunnableAdapter.call(Executors.java:511)
                        	at java.util.concurrent.FutureTask.run(FutureTask.java:266)
                        	at java.util.concurrent.ThreadPoolExecutor.runWorker(ThreadPoolExecutor.java:1142)
                        	at java.util.concurrent.ThreadPoolExecutor$Worker.run(ThreadPoolExecutor.java:617)
                        	at java.lang.Thread.run(Thread.java:745)
                     </pre>
                  </div>
               </td>
            </tr>
            <tr id="com.qtpselenium.zoho.project.testcases.LeadTest_convertLeadTest_byStatus_skiped_SKIP4_row"
                class="testMethodStatusSKIP">
               <td width="100%" class="firstMethodCell">
                  <a onclick="toggleDetailsVisibility('com.qtpselenium.zoho.project.testcases.LeadTest_convertLeadTest_byStatus_skiped_SKIP4_details')">convertLeadTest({LeadLastName=Sharma, Runmode=N, LeadCompany=Lenovo, Browser=Chrome})</a>
               </td>
               <td nowrap="true">13:26:02</td>
               <td nowrap="true" align="right">2 ms
                  
               </td>
               <td nowrap="true">
                  <a onclick="toggleDetailsVisibility('com.qtpselenium.zoho.project.testcases.LeadTest_convertLeadTest_byStatus_skiped_SKIP4_exception')">org.testng.SkipException: 
                     Skipping the test as runmode is N
                     
                  </a>
                   
                  
               </td>
            </tr>
            <tr>
               <td colspan="4" class="detailsBox">
                  <div id="com.qtpselenium.zoho.project.testcases.LeadTest_convertLeadTest_byStatus_skiped_SKIP4_details"
                       class="testMethodDetails">
                     <div>
                        <b>Name: </b>convertLeadTest
                     </div>
                     <div>
                        <b>Signature: </b>convertLeadTest(java.util.Hashtable)[pri:2, instance:com.qtpselenium.zoho.project.testcases.LeadTest@7a187f14]
                     </div>
                     <div>
                        <b>Parameters: </b>
                        
                        {LeadLastName=Sharma, Runmode=N, LeadCompany=Lenovo, Browser=Chrome}
                        
                        
                     </div>
                     <div>
                        <b>Start time: </b>13:26:02
                     </div>
                     <div>
                        <b>End time: </b>13:26:02
                     </div>
                     <div>
                        <b>Duration: </b>2 ms
                        
                     </div>
                  </div>
               </td>
            </tr>
            <tr>
               <td colspan="4" class="detailsBox">
                  <div id="com.qtpselenium.zoho.project.testcases.LeadTest_convertLeadTest_byStatus_skiped_SKIP4_exception"
                       class="testMethodDetails">
                     <pre style="padding: 5px; margin: 0;">org.testng.SkipException: Skipping the test as runmode is N
                        	at com.qtpselenium.zoho.project.testcases.LeadTest.convertLeadTest(LeadTest.java:66)
                        	at sun.reflect.NativeMethodAccessorImpl.invoke0(Native Method)
                        	at sun.reflect.NativeMethodAccessorImpl.invoke(NativeMethodAccessorImpl.java:62)
                        	at sun.reflect.DelegatingMethodAccessorImpl.invoke(DelegatingMethodAccessorImpl.java:43)
                        	at java.lang.reflect.Method.invoke(Method.java:483)
                        	at org.testng.internal.MethodInvocationHelper.invokeMethod(MethodInvocationHelper.java:85)
                        	at org.testng.internal.Invoker.invokeMethod(Invoker.java:639)
                        	at org.testng.internal.Invoker.invokeTestMethod(Invoker.java:816)
                        	at org.testng.internal.TestMethodWithDataProviderMethodWorker.call(TestMethodWithDataProviderMethodWorker.java:75)
                        	at org.testng.internal.TestMethodWithDataProviderMethodWorker.call(TestMethodWithDataProviderMethodWorker.java:14)
                        	at java.util.concurrent.FutureTask.run(FutureTask.java:266)
                        	at java.util.concurrent.Executors$RunnableAdapter.call(Executors.java:511)
                        	at java.util.concurrent.FutureTask.run(FutureTask.java:266)
                        	at java.util.concurrent.ThreadPoolExecutor.runWorker(ThreadPoolExecutor.java:1142)
                        	at java.util.concurrent.ThreadPoolExecutor$Worker.run(ThreadPoolExecutor.java:617)
                        	at java.lang.Thread.run(Thread.java:745)
                     </pre>
                  </div>
               </td>
            </tr>
            <tr id="com.qtpselenium.zoho.project.testcases.LeadTest_convertLeadTest_byStatus_skiped_SKIP5_row"
                class="testMethodStatusSKIP">
               <td width="100%" class="firstMethodCell">
                  <a onclick="toggleDetailsVisibility('com.qtpselenium.zoho.project.testcases.LeadTest_convertLeadTest_byStatus_skiped_SKIP5_details')">convertLeadTest({LeadLastName=Sam, Runmode=N, LeadCompany=Sony, Browser=Mozilla})</a>
               </td>
               <td nowrap="true">13:26:02</td>
               <td nowrap="true" align="right">2 ms
                  
               </td>
               <td nowrap="true">
                  <a onclick="toggleDetailsVisibility('com.qtpselenium.zoho.project.testcases.LeadTest_convertLeadTest_byStatus_skiped_SKIP5_exception')">org.testng.SkipException: 
                     Skipping the test as runmode is N
                     
                  </a>
                   
                  
               </td>
            </tr>
            <tr>
               <td colspan="4" class="detailsBox">
                  <div id="com.qtpselenium.zoho.project.testcases.LeadTest_convertLeadTest_byStatus_skiped_SKIP5_details"
                       class="testMethodDetails">
                     <div>
                        <b>Name: </b>convertLeadTest
                     </div>
                     <div>
                        <b>Signature: </b>convertLeadTest(java.util.Hashtable)[pri:2, instance:com.qtpselenium.zoho.project.testcases.LeadTest@7a187f14]
                     </div>
                     <div>
                        <b>Parameters: </b>
                        
                        {LeadLastName=Sam, Runmode=N, LeadCompany=Sony, Browser=Mozilla}
                        
                        
                     </div>
                     <div>
                        <b>Start time: </b>13:26:02
                     </div>
                     <div>
                        <b>End time: </b>13:26:02
                     </div>
                     <div>
                        <b>Duration: </b>2 ms
                        
                     </div>
                  </div>
               </td>
            </tr>
            <tr>
               <td colspan="4" class="detailsBox">
                  <div id="com.qtpselenium.zoho.project.testcases.LeadTest_convertLeadTest_byStatus_skiped_SKIP5_exception"
                       class="testMethodDetails">
                     <pre style="padding: 5px; margin: 0;">org.testng.SkipException: Skipping the test as runmode is N
                        	at com.qtpselenium.zoho.project.testcases.LeadTest.convertLeadTest(LeadTest.java:66)
                        	at sun.reflect.NativeMethodAccessorImpl.invoke0(Native Method)
                        	at sun.reflect.NativeMethodAccessorImpl.invoke(NativeMethodAccessorImpl.java:62)
                        	at sun.reflect.DelegatingMethodAccessorImpl.invoke(DelegatingMethodAccessorImpl.java:43)
                        	at java.lang.reflect.Method.invoke(Method.java:483)
                        	at org.testng.internal.MethodInvocationHelper.invokeMethod(MethodInvocationHelper.java:85)
                        	at org.testng.internal.Invoker.invokeMethod(Invoker.java:639)
                        	at org.testng.internal.Invoker.invokeTestMethod(Invoker.java:816)
                        	at org.testng.internal.TestMethodWithDataProviderMethodWorker.call(TestMethodWithDataProviderMethodWorker.java:75)
                        	at org.testng.internal.TestMethodWithDataProviderMethodWorker.call(TestMethodWithDataProviderMethodWorker.java:14)
                        	at java.util.concurrent.FutureTask.run(FutureTask.java:266)
                        	at java.util.concurrent.Executors$RunnableAdapter.call(Executors.java:511)
                        	at java.util.concurrent.FutureTask.run(FutureTask.java:266)
                        	at java.util.concurrent.ThreadPoolExecutor.runWorker(ThreadPoolExecutor.java:1142)
                        	at java.util.concurrent.ThreadPoolExecutor$Worker.run(ThreadPoolExecutor.java:617)
                        	at java.lang.Thread.run(Thread.java:745)
                     </pre>
                  </div>
               </td>
            </tr>
            <tr id="com.qtpselenium.zoho.project.testcases.LeadTest_convertLeadTest_byStatus_skiped_SKIP6_row"
                class="testMethodStatusSKIP">
               <td width="100%" class="firstMethodCell">
                  <a onclick="toggleDetailsVisibility('com.qtpselenium.zoho.project.testcases.LeadTest_convertLeadTest_byStatus_skiped_SKIP6_details')">convertLeadTest({LeadLastName=Watson, Runmode=N, LeadCompany=HP, Browser=Chrome})</a>
               </td>
               <td nowrap="true">13:26:02</td>
               <td nowrap="true" align="right">1 ms
                  
               </td>
               <td nowrap="true">
                  <a onclick="toggleDetailsVisibility('com.qtpselenium.zoho.project.testcases.LeadTest_convertLeadTest_byStatus_skiped_SKIP6_exception')">org.testng.SkipException: 
                     Skipping the test as runmode is N
                     
                  </a>
                   
                  
               </td>
            </tr>
            <tr>
               <td colspan="4" class="detailsBox">
                  <div id="com.qtpselenium.zoho.project.testcases.LeadTest_convertLeadTest_byStatus_skiped_SKIP6_details"
                       class="testMethodDetails">
                     <div>
                        <b>Name: </b>convertLeadTest
                     </div>
                     <div>
                        <b>Signature: </b>convertLeadTest(java.util.Hashtable)[pri:2, instance:com.qtpselenium.zoho.project.testcases.LeadTest@7a187f14]
                     </div>
                     <div>
                        <b>Parameters: </b>
                        
                        {LeadLastName=Watson, Runmode=N, LeadCompany=HP, Browser=Chrome}
                        
                        
                     </div>
                     <div>
                        <b>Start time: </b>13:26:02
                     </div>
                     <div>
                        <b>End time: </b>13:26:02
                     </div>
                     <div>
                        <b>Duration: </b>1 ms
                        
                     </div>
                  </div>
               </td>
            </tr>
            <tr>
               <td colspan="4" class="detailsBox">
                  <div id="com.qtpselenium.zoho.project.testcases.LeadTest_convertLeadTest_byStatus_skiped_SKIP6_exception"
                       class="testMethodDetails">
                     <pre style="padding: 5px; margin: 0;">org.testng.SkipException: Skipping the test as runmode is N
                        	at com.qtpselenium.zoho.project.testcases.LeadTest.convertLeadTest(LeadTest.java:66)
                        	at sun.reflect.NativeMethodAccessorImpl.invoke0(Native Method)
                        	at sun.reflect.NativeMethodAccessorImpl.invoke(NativeMethodAccessorImpl.java:62)
                        	at sun.reflect.DelegatingMethodAccessorImpl.invoke(DelegatingMethodAccessorImpl.java:43)
                        	at java.lang.reflect.Method.invoke(Method.java:483)
                        	at org.testng.internal.MethodInvocationHelper.invokeMethod(MethodInvocationHelper.java:85)
                        	at org.testng.internal.Invoker.invokeMethod(Invoker.java:639)
                        	at org.testng.internal.Invoker.invokeTestMethod(Invoker.java:816)
                        	at org.testng.internal.TestMethodWithDataProviderMethodWorker.call(TestMethodWithDataProviderMethodWorker.java:75)
                        	at org.testng.internal.TestMethodWithDataProviderMethodWorker.call(TestMethodWithDataProviderMethodWorker.java:14)
                        	at java.util.concurrent.FutureTask.run(FutureTask.java:266)
                        	at java.util.concurrent.Executors$RunnableAdapter.call(Executors.java:511)
                        	at java.util.concurrent.FutureTask.run(FutureTask.java:266)
                        	at java.util.concurrent.ThreadPoolExecutor.runWorker(ThreadPoolExecutor.java:1142)
                        	at java.util.concurrent.ThreadPoolExecutor$Worker.run(ThreadPoolExecutor.java:617)
                        	at java.lang.Thread.run(Thread.java:745)
                     </pre>
                  </div>
               </td>
            </tr>
         </table>
      </div>
      <div id="testMethodsByClass" style="display: none;">
         <table class="testMethodsTable" cellpadding="0" cellspacing="0">
            <tr>
               <td colspan="4">
                  <h3 style="display: inline;">com.qtpselenium.zoho.project.testcases.LeadTest</h3>
               </td>
            </tr>
            <tr class="methodsTableHeader">
               <td width="100%">Name</td>
               <td nowrap="true">Started</td>
               <td nowrap="true">Duration</td>
               <td>Exception</td>
            </tr>
            <tr id="com.qtpselenium.zoho.project.testcases.LeadTest_init_byClass_PASS1_row"
                class="testMethodStatusPASS testMethodStatusCONF">
               <td width="100%" class="firstMethodCell">
                  <a onclick="toggleDetailsVisibility('com.qtpselenium.zoho.project.testcases.LeadTest_init_byClass_PASS1_details')">init()</a>
               </td>
               <td nowrap="true">13:24:47</td>
               <td nowrap="true" align="right">4 ms
                  
               </td>
               <td nowrap="true">
                   
                  
               </td>
            </tr>
            <tr>
               <td colspan="4" class="detailsBox">
                  <div id="com.qtpselenium.zoho.project.testcases.LeadTest_init_byClass_PASS1_details"
                       class="testMethodDetails">
                     <div>
                        <b>Name: </b>init
                     </div>
                     <div>
                        <b>Signature: </b>init()[pri:0, instance:com.qtpselenium.zoho.project.testcases.LeadTest@7a187f14]
                     </div>
                     <div>
                        <b>Start time: </b>13:24:47
                     </div>
                     <div>
                        <b>End time: </b>13:24:47
                     </div>
                     <div>
                        <b>Duration: </b>4 ms
                        
                     </div>
                  </div>
               </td>
            </tr>
            <tr></tr>
            <tr id="com.qtpselenium.zoho.project.testcases.LeadTest_init_byClass_PASS2_row"
                class="testMethodStatusPASS testMethodStatusCONF">
               <td width="100%" class="firstMethodCell">
                  <a onclick="toggleDetailsVisibility('com.qtpselenium.zoho.project.testcases.LeadTest_init_byClass_PASS2_details')">init()</a>
               </td>
               <td nowrap="true">13:24:47</td>
               <td nowrap="true" align="right">3 ms
                  
               </td>
               <td nowrap="true">
                   
                  
               </td>
            </tr>
            <tr>
               <td colspan="4" class="detailsBox">
                  <div id="com.qtpselenium.zoho.project.testcases.LeadTest_init_byClass_PASS2_details"
                       class="testMethodDetails">
                     <div>
                        <b>Name: </b>init
                     </div>
                     <div>
                        <b>Signature: </b>init()[pri:0, instance:com.qtpselenium.zoho.project.testcases.LeadTest@7a187f14]
                     </div>
                     <div>
                        <b>Start time: </b>13:24:47
                     </div>
                     <div>
                        <b>End time: </b>13:24:47
                     </div>
                     <div>
                        <b>Duration: </b>3 ms
                        
                     </div>
                  </div>
               </td>
            </tr>
            <tr></tr>
            <tr id="com.qtpselenium.zoho.project.testcases.LeadTest_init_byClass_PASS3_row"
                class="testMethodStatusPASS testMethodStatusCONF">
               <td width="100%" class="firstMethodCell">
                  <a onclick="toggleDetailsVisibility('com.qtpselenium.zoho.project.testcases.LeadTest_init_byClass_PASS3_details')">init()</a>
               </td>
               <td nowrap="true">13:24:47</td>
               <td nowrap="true" align="right">3 ms
                  
               </td>
               <td nowrap="true">
                   
                  
               </td>
            </tr>
            <tr>
               <td colspan="4" class="detailsBox">
                  <div id="com.qtpselenium.zoho.project.testcases.LeadTest_init_byClass_PASS3_details"
                       class="testMethodDetails">
                     <div>
                        <b>Name: </b>init
                     </div>
                     <div>
                        <b>Signature: </b>init()[pri:0, instance:com.qtpselenium.zoho.project.testcases.LeadTest@7a187f14]
                     </div>
                     <div>
                        <b>Start time: </b>13:24:47
                     </div>
                     <div>
                        <b>End time: </b>13:24:47
                     </div>
                     <div>
                        <b>Duration: </b>3 ms
                        
                     </div>
                  </div>
               </td>
            </tr>
            <tr></tr>
            <tr id="com.qtpselenium.zoho.project.testcases.LeadTest_init_byClass_PASS4_row"
                class="testMethodStatusPASS testMethodStatusCONF">
               <td width="100%" class="firstMethodCell">
                  <a onclick="toggleDetailsVisibility('com.qtpselenium.zoho.project.testcases.LeadTest_init_byClass_PASS4_details')">init()</a>
               </td>
               <td nowrap="true">13:24:47</td>
               <td nowrap="true" align="right">2 ms
                  
               </td>
               <td nowrap="true">
                   
                  
               </td>
            </tr>
            <tr>
               <td colspan="4" class="detailsBox">
                  <div id="com.qtpselenium.zoho.project.testcases.LeadTest_init_byClass_PASS4_details"
                       class="testMethodDetails">
                     <div>
                        <b>Name: </b>init
                     </div>
                     <div>
                        <b>Signature: </b>init()[pri:0, instance:com.qtpselenium.zoho.project.testcases.LeadTest@7a187f14]
                     </div>
                     <div>
                        <b>Start time: </b>13:24:47
                     </div>
                     <div>
                        <b>End time: </b>13:24:47
                     </div>
                     <div>
                        <b>Duration: </b>2 ms
                        
                     </div>
                  </div>
               </td>
            </tr>
            <tr></tr>
            <tr id="com.qtpselenium.zoho.project.testcases.LeadTest_createLeadTest_byClass_SKIP5_row"
                class="testMethodStatusSKIP">
               <td width="100%" class="firstMethodCell">
                  <a onclick="toggleDetailsVisibility('com.qtpselenium.zoho.project.testcases.LeadTest_createLeadTest_byClass_SKIP5_details')">createLeadTest({LeadLastName=Sharma, Runmode=N, LeadCompany=Lenovo, Browser=Chrome})</a>
               </td>
               <td nowrap="true">13:24:47</td>
               <td nowrap="true" align="right">8 ms
                  
               </td>
               <td nowrap="true">
                  <a onclick="toggleDetailsVisibility('com.qtpselenium.zoho.project.testcases.LeadTest_createLeadTest_byClass_SKIP5_exception')">org.testng.SkipException: 
                     Skipping the test as runmode is N
                     
                  </a>
                   
                  
               </td>
            </tr>
            <tr>
               <td colspan="4" class="detailsBox">
                  <div id="com.qtpselenium.zoho.project.testcases.LeadTest_createLeadTest_byClass_SKIP5_details"
                       class="testMethodDetails">
                     <div>
                        <b>Name: </b>createLeadTest
                     </div>
                     <div>
                        <b>Signature: </b>createLeadTest(java.util.Hashtable)[pri:1, instance:com.qtpselenium.zoho.project.testcases.LeadTest@7a187f14]
                     </div>
                     <div>
                        <b>Parameters: </b>
                        
                        {LeadLastName=Sharma, Runmode=N, LeadCompany=Lenovo, Browser=Chrome}
                        
                        
                     </div>
                     <div>
                        <b>Start time: </b>13:24:47
                     </div>
                     <div>
                        <b>End time: </b>13:24:47
                     </div>
                     <div>
                        <b>Duration: </b>8 ms
                        
                     </div>
                  </div>
               </td>
            </tr>
            <tr>
               <td colspan="4" class="detailsBox">
                  <div id="com.qtpselenium.zoho.project.testcases.LeadTest_createLeadTest_byClass_SKIP5_exception"
                       class="testMethodDetails">
                     <pre style="padding: 5px; margin: 0;">org.testng.SkipException: Skipping the test as runmode is N
                        	at com.qtpselenium.zoho.project.testcases.LeadTest.createLeadTest(LeadTest.java:33)
                        	at sun.reflect.NativeMethodAccessorImpl.invoke0(Native Method)
                        	at sun.reflect.NativeMethodAccessorImpl.invoke(NativeMethodAccessorImpl.java:62)
                        	at sun.reflect.DelegatingMethodAccessorImpl.invoke(DelegatingMethodAccessorImpl.java:43)
                        	at java.lang.reflect.Method.invoke(Method.java:483)
                        	at org.testng.internal.MethodInvocationHelper.invokeMethod(MethodInvocationHelper.java:85)
                        	at org.testng.internal.Invoker.invokeMethod(Invoker.java:639)
                        	at org.testng.internal.Invoker.invokeTestMethod(Invoker.java:816)
                        	at org.testng.internal.TestMethodWithDataProviderMethodWorker.call(TestMethodWithDataProviderMethodWorker.java:75)
                        	at org.testng.internal.TestMethodWithDataProviderMethodWorker.call(TestMethodWithDataProviderMethodWorker.java:14)
                        	at java.util.concurrent.FutureTask.run(FutureTask.java:266)
                        	at java.util.concurrent.Executors$RunnableAdapter.call(Executors.java:511)
                        	at java.util.concurrent.FutureTask.run(FutureTask.java:266)
                        	at java.util.concurrent.ThreadPoolExecutor.runWorker(ThreadPoolExecutor.java:1142)
                        	at java.util.concurrent.ThreadPoolExecutor$Worker.run(ThreadPoolExecutor.java:617)
                        	at java.lang.Thread.run(Thread.java:745)
                     </pre>
                  </div>
               </td>
            </tr>
            <tr id="com.qtpselenium.zoho.project.testcases.LeadTest_createLeadTest_byClass_SKIP6_row"
                class="testMethodStatusSKIP">
               <td width="100%" class="firstMethodCell">
                  <a onclick="toggleDetailsVisibility('com.qtpselenium.zoho.project.testcases.LeadTest_createLeadTest_byClass_SKIP6_details')">createLeadTest({LeadLastName=Sam, Runmode=N, LeadCompany=Sony, Browser=Mozilla})</a>
               </td>
               <td nowrap="true">13:24:47</td>
               <td nowrap="true" align="right">8 ms
                  
               </td>
               <td nowrap="true">
                  <a onclick="toggleDetailsVisibility('com.qtpselenium.zoho.project.testcases.LeadTest_createLeadTest_byClass_SKIP6_exception')">org.testng.SkipException: 
                     Skipping the test as runmode is N
                     
                  </a>
                   
                  
               </td>
            </tr>
            <tr>
               <td colspan="4" class="detailsBox">
                  <div id="com.qtpselenium.zoho.project.testcases.LeadTest_createLeadTest_byClass_SKIP6_details"
                       class="testMethodDetails">
                     <div>
                        <b>Name: </b>createLeadTest
                     </div>
                     <div>
                        <b>Signature: </b>createLeadTest(java.util.Hashtable)[pri:1, instance:com.qtpselenium.zoho.project.testcases.LeadTest@7a187f14]
                     </div>
                     <div>
                        <b>Parameters: </b>
                        
                        {LeadLastName=Sam, Runmode=N, LeadCompany=Sony, Browser=Mozilla}
                        
                        
                     </div>
                     <div>
                        <b>Start time: </b>13:24:47
                     </div>
                     <div>
                        <b>End time: </b>13:24:47
                     </div>
                     <div>
                        <b>Duration: </b>8 ms
                        
                     </div>
                  </div>
               </td>
            </tr>
            <tr>
               <td colspan="4" class="detailsBox">
                  <div id="com.qtpselenium.zoho.project.testcases.LeadTest_createLeadTest_byClass_SKIP6_exception"
                       class="testMethodDetails">
                     <pre style="padding: 5px; margin: 0;">org.testng.SkipException: Skipping the test as runmode is N
                        	at com.qtpselenium.zoho.project.testcases.LeadTest.createLeadTest(LeadTest.java:33)
                        	at sun.reflect.NativeMethodAccessorImpl.invoke0(Native Method)
                        	at sun.reflect.NativeMethodAccessorImpl.invoke(NativeMethodAccessorImpl.java:62)
                        	at sun.reflect.DelegatingMethodAccessorImpl.invoke(DelegatingMethodAccessorImpl.java:43)
                        	at java.lang.reflect.Method.invoke(Method.java:483)
                        	at org.testng.internal.MethodInvocationHelper.invokeMethod(MethodInvocationHelper.java:85)
                        	at org.testng.internal.Invoker.invokeMethod(Invoker.java:639)
                        	at org.testng.internal.Invoker.invokeTestMethod(Invoker.java:816)
                        	at org.testng.internal.TestMethodWithDataProviderMethodWorker.call(TestMethodWithDataProviderMethodWorker.java:75)
                        	at org.testng.internal.TestMethodWithDataProviderMethodWorker.call(TestMethodWithDataProviderMethodWorker.java:14)
                        	at java.util.concurrent.FutureTask.run(FutureTask.java:266)
                        	at java.util.concurrent.Executors$RunnableAdapter.call(Executors.java:511)
                        	at java.util.concurrent.FutureTask.run(FutureTask.java:266)
                        	at java.util.concurrent.ThreadPoolExecutor.runWorker(ThreadPoolExecutor.java:1142)
                        	at java.util.concurrent.ThreadPoolExecutor$Worker.run(ThreadPoolExecutor.java:617)
                        	at java.lang.Thread.run(Thread.java:745)
                     </pre>
                  </div>
               </td>
            </tr>
            <tr id="com.qtpselenium.zoho.project.testcases.LeadTest_createLeadTest_byClass_SKIP7_row"
                class="testMethodStatusSKIP">
               <td width="100%" class="firstMethodCell">
                  <a onclick="toggleDetailsVisibility('com.qtpselenium.zoho.project.testcases.LeadTest_createLeadTest_byClass_SKIP7_details')">createLeadTest({LeadLastName=Watson, Runmode=N, LeadCompany=HP, Browser=Chrome})</a>
               </td>
               <td nowrap="true">13:24:47</td>
               <td nowrap="true" align="right">10 ms
                  
               </td>
               <td nowrap="true">
                  <a onclick="toggleDetailsVisibility('com.qtpselenium.zoho.project.testcases.LeadTest_createLeadTest_byClass_SKIP7_exception')">org.testng.SkipException: 
                     Skipping the test as runmode is N
                     
                  </a>
                   
                  
               </td>
            </tr>
            <tr>
               <td colspan="4" class="detailsBox">
                  <div id="com.qtpselenium.zoho.project.testcases.LeadTest_createLeadTest_byClass_SKIP7_details"
                       class="testMethodDetails">
                     <div>
                        <b>Name: </b>createLeadTest
                     </div>
                     <div>
                        <b>Signature: </b>createLeadTest(java.util.Hashtable)[pri:1, instance:com.qtpselenium.zoho.project.testcases.LeadTest@7a187f14]
                     </div>
                     <div>
                        <b>Parameters: </b>
                        
                        {LeadLastName=Watson, Runmode=N, LeadCompany=HP, Browser=Chrome}
                        
                        
                     </div>
                     <div>
                        <b>Start time: </b>13:24:47
                     </div>
                     <div>
                        <b>End time: </b>13:24:47
                     </div>
                     <div>
                        <b>Duration: </b>10 ms
                        
                     </div>
                  </div>
               </td>
            </tr>
            <tr>
               <td colspan="4" class="detailsBox">
                  <div id="com.qtpselenium.zoho.project.testcases.LeadTest_createLeadTest_byClass_SKIP7_exception"
                       class="testMethodDetails">
                     <pre style="padding: 5px; margin: 0;">org.testng.SkipException: Skipping the test as runmode is N
                        	at com.qtpselenium.zoho.project.testcases.LeadTest.createLeadTest(LeadTest.java:33)
                        	at sun.reflect.NativeMethodAccessorImpl.invoke0(Native Method)
                        	at sun.reflect.NativeMethodAccessorImpl.invoke(NativeMethodAccessorImpl.java:62)
                        	at sun.reflect.DelegatingMethodAccessorImpl.invoke(DelegatingMethodAccessorImpl.java:43)
                        	at java.lang.reflect.Method.invoke(Method.java:483)
                        	at org.testng.internal.MethodInvocationHelper.invokeMethod(MethodInvocationHelper.java:85)
                        	at org.testng.internal.Invoker.invokeMethod(Invoker.java:639)
                        	at org.testng.internal.Invoker.invokeTestMethod(Invoker.java:816)
                        	at org.testng.internal.TestMethodWithDataProviderMethodWorker.call(TestMethodWithDataProviderMethodWorker.java:75)
                        	at org.testng.internal.TestMethodWithDataProviderMethodWorker.call(TestMethodWithDataProviderMethodWorker.java:14)
                        	at java.util.concurrent.FutureTask.run(FutureTask.java:266)
                        	at java.util.concurrent.Executors$RunnableAdapter.call(Executors.java:511)
                        	at java.util.concurrent.FutureTask.run(FutureTask.java:266)
                        	at java.util.concurrent.ThreadPoolExecutor.runWorker(ThreadPoolExecutor.java:1142)
                        	at java.util.concurrent.ThreadPoolExecutor$Worker.run(ThreadPoolExecutor.java:617)
                        	at java.lang.Thread.run(Thread.java:745)
                     </pre>
                  </div>
               </td>
            </tr>
            <tr id="com.qtpselenium.zoho.project.testcases.LeadTest_createLeadTest_byClass_FAIL8_row"
                class="testMethodStatusFAIL">
               <td width="100%" class="firstMethodCell">
                  <a onclick="toggleDetailsVisibility('com.qtpselenium.zoho.project.testcases.LeadTest_createLeadTest_byClass_FAIL8_details')">createLeadTest({LeadLastName=Wilson, Runmode=Y, LeadCompany=Samsung, Browser=Mozilla})</a>
               </td>
               <td nowrap="true">13:24:47</td>
               <td nowrap="true" align="right">1m
                  13s
                  
               </td>
               <td nowrap="true">
                  <a onclick="toggleDetailsVisibility('com.qtpselenium.zoho.project.testcases.LeadTest_createLeadTest_byClass_FAIL8_exception')">java.lang.NullPointerException: 
                     null value in entry: url=null
                     
                  </a>
                   
                  
               </td>
            </tr>
            <tr>
               <td colspan="4" class="detailsBox">
                  <div id="com.qtpselenium.zoho.project.testcases.LeadTest_createLeadTest_byClass_FAIL8_details"
                       class="testMethodDetails">
                     <div>
                        <b>Name: </b>createLeadTest
                     </div>
                     <div>
                        <b>Signature: </b>createLeadTest(java.util.Hashtable)[pri:1, instance:com.qtpselenium.zoho.project.testcases.LeadTest@7a187f14]
                     </div>
                     <div>
                        <b>Parameters: </b>
                        
                        {LeadLastName=Wilson, Runmode=Y, LeadCompany=Samsung, Browser=Mozilla}
                        
                        
                     </div>
                     <div>
                        <b>Start time: </b>13:24:47
                     </div>
                     <div>
                        <b>End time: </b>13:26:00
                     </div>
                     <div>
                        <b>Duration: </b>1m
                        13s
                        
                     </div>
                  </div>
               </td>
            </tr>
            <tr>
               <td colspan="4" class="detailsBox">
                  <div id="com.qtpselenium.zoho.project.testcases.LeadTest_createLeadTest_byClass_FAIL8_exception"
                       class="testMethodDetails">
                     <pre style="padding: 5px; margin: 0;">java.lang.NullPointerException: null value in entry: url=null
                        	at com.google.common.collect.CollectPreconditions.checkEntryNotNull(CollectPreconditions.java:33)
                        	at com.google.common.collect.SingletonImmutableBiMap.&lt;init&gt;(SingletonImmutableBiMap.java:39)
                        	at com.google.common.collect.ImmutableBiMap.of(ImmutableBiMap.java:49)
                        	at com.google.common.collect.ImmutableMap.of(ImmutableMap.java:70)
                        	at org.openqa.selenium.remote.RemoteWebDriver.get(RemoteWebDriver.java:316)
                        	at com.qtpselenium.zoho.project.base.BaseTest.navigate(BaseTest.java:110)
                        	at com.qtpselenium.zoho.project.testcases.LeadTest.createLeadTest(LeadTest.java:37)
                        	at sun.reflect.NativeMethodAccessorImpl.invoke0(Native Method)
                        	at sun.reflect.NativeMethodAccessorImpl.invoke(NativeMethodAccessorImpl.java:62)
                        	at sun.reflect.DelegatingMethodAccessorImpl.invoke(DelegatingMethodAccessorImpl.java:43)
                        	at java.lang.reflect.Method.invoke(Method.java:483)
                        	at org.testng.internal.MethodInvocationHelper.invokeMethod(MethodInvocationHelper.java:85)
                        	at org.testng.internal.Invoker.invokeMethod(Invoker.java:639)
                        	at org.testng.internal.Invoker.invokeTestMethod(Invoker.java:816)
                        	at org.testng.internal.TestMethodWithDataProviderMethodWorker.call(TestMethodWithDataProviderMethodWorker.java:75)
                        	at org.testng.internal.TestMethodWithDataProviderMethodWorker.call(TestMethodWithDataProviderMethodWorker.java:14)
                        	at java.util.concurrent.FutureTask.run(FutureTask.java:266)
                        	at java.util.concurrent.Executors$RunnableAdapter.call(Executors.java:511)
                        	at java.util.concurrent.FutureTask.run(FutureTask.java:266)
                        	at java.util.concurrent.ThreadPoolExecutor.runWorker(ThreadPoolExecutor.java:1142)
                        	at java.util.concurrent.ThreadPoolExecutor$Worker.run(ThreadPoolExecutor.java:617)
                        	at java.lang.Thread.run(Thread.java:745)
                     </pre>
                  </div>
               </td>
            </tr>
            <tr id="com.qtpselenium.zoho.project.testcases.LeadTest_quit_byClass_PASS9_row"
                class="testMethodStatusPASS testMethodStatusCONF">
               <td width="100%" class="firstMethodCell">
                  <a onclick="toggleDetailsVisibility('com.qtpselenium.zoho.project.testcases.LeadTest_quit_byClass_PASS9_details')">quit()</a>
               </td>
               <td nowrap="true">13:24:47</td>
               <td nowrap="true" align="right">1s
                  
               </td>
               <td nowrap="true">
                   
                  
               </td>
            </tr>
            <tr>
               <td colspan="4" class="detailsBox">
                  <div id="com.qtpselenium.zoho.project.testcases.LeadTest_quit_byClass_PASS9_details"
                       class="testMethodDetails">
                     <div>
                        <b>Name: </b>quit
                     </div>
                     <div>
                        <b>Signature: </b>quit()[pri:0, instance:com.qtpselenium.zoho.project.testcases.LeadTest@7a187f14]
                     </div>
                     <div>
                        <b>Start time: </b>13:24:47
                     </div>
                     <div>
                        <b>End time: </b>13:24:48
                     </div>
                     <div>
                        <b>Duration: </b>1s
                        
                     </div>
                  </div>
               </td>
            </tr>
            <tr></tr>
            <tr id="com.qtpselenium.zoho.project.testcases.LeadTest_quit_byClass_PASS10_row"
                class="testMethodStatusPASS testMethodStatusCONF">
               <td width="100%" class="firstMethodCell">
                  <a onclick="toggleDetailsVisibility('com.qtpselenium.zoho.project.testcases.LeadTest_quit_byClass_PASS10_details')">quit()</a>
               </td>
               <td nowrap="true">13:24:47</td>
               <td nowrap="true" align="right">1s
                  
               </td>
               <td nowrap="true">
                   
                  
               </td>
            </tr>
            <tr>
               <td colspan="4" class="detailsBox">
                  <div id="com.qtpselenium.zoho.project.testcases.LeadTest_quit_byClass_PASS10_details"
                       class="testMethodDetails">
                     <div>
                        <b>Name: </b>quit
                     </div>
                     <div>
                        <b>Signature: </b>quit()[pri:0, instance:com.qtpselenium.zoho.project.testcases.LeadTest@7a187f14]
                     </div>
                     <div>
                        <b>Start time: </b>13:24:47
                     </div>
                     <div>
                        <b>End time: </b>13:24:48
                     </div>
                     <div>
                        <b>Duration: </b>1s
                        
                     </div>
                  </div>
               </td>
            </tr>
            <tr></tr>
            <tr id="com.qtpselenium.zoho.project.testcases.LeadTest_quit_byClass_PASS11_row"
                class="testMethodStatusPASS testMethodStatusCONF">
               <td width="100%" class="firstMethodCell">
                  <a onclick="toggleDetailsVisibility('com.qtpselenium.zoho.project.testcases.LeadTest_quit_byClass_PASS11_details')">quit()</a>
               </td>
               <td nowrap="true">13:24:47</td>
               <td nowrap="true" align="right">1s
                  
               </td>
               <td nowrap="true">
                   
                  
               </td>
            </tr>
            <tr>
               <td colspan="4" class="detailsBox">
                  <div id="com.qtpselenium.zoho.project.testcases.LeadTest_quit_byClass_PASS11_details"
                       class="testMethodDetails">
                     <div>
                        <b>Name: </b>quit
                     </div>
                     <div>
                        <b>Signature: </b>quit()[pri:0, instance:com.qtpselenium.zoho.project.testcases.LeadTest@7a187f14]
                     </div>
                     <div>
                        <b>Start time: </b>13:24:47
                     </div>
                     <div>
                        <b>End time: </b>13:24:48
                     </div>
                     <div>
                        <b>Duration: </b>1s
                        
                     </div>
                  </div>
               </td>
            </tr>
            <tr></tr>
            <tr id="com.qtpselenium.zoho.project.testcases.LeadTest_quit_byClass_PASS12_row"
                class="testMethodStatusPASS testMethodStatusCONF">
               <td width="100%" class="firstMethodCell">
                  <a onclick="toggleDetailsVisibility('com.qtpselenium.zoho.project.testcases.LeadTest_quit_byClass_PASS12_details')">quit()</a>
               </td>
               <td nowrap="true">13:26:00</td>
               <td nowrap="true" align="right">2s
                  
               </td>
               <td nowrap="true">
                   
                  
               </td>
            </tr>
            <tr>
               <td colspan="4" class="detailsBox">
                  <div id="com.qtpselenium.zoho.project.testcases.LeadTest_quit_byClass_PASS12_details"
                       class="testMethodDetails">
                     <div>
                        <b>Name: </b>quit
                     </div>
                     <div>
                        <b>Signature: </b>quit()[pri:0, instance:com.qtpselenium.zoho.project.testcases.LeadTest@7a187f14]
                     </div>
                     <div>
                        <b>Start time: </b>13:26:00
                     </div>
                     <div>
                        <b>End time: </b>13:26:02
                     </div>
                     <div>
                        <b>Duration: </b>2s
                        
                     </div>
                  </div>
               </td>
            </tr>
            <tr></tr>
            <tr id="com.qtpselenium.zoho.project.testcases.LeadTest_init_byClass_PASS13_row"
                class="testMethodStatusPASS testMethodStatusCONF">
               <td width="100%" class="firstMethodCell">
                  <a onclick="toggleDetailsVisibility('com.qtpselenium.zoho.project.testcases.LeadTest_init_byClass_PASS13_details')">init()</a>
               </td>
               <td nowrap="true">13:26:02</td>
               <td nowrap="true" align="right">0 ms
                  
               </td>
               <td nowrap="true">
                   
                  
               </td>
            </tr>
            <tr>
               <td colspan="4" class="detailsBox">
                  <div id="com.qtpselenium.zoho.project.testcases.LeadTest_init_byClass_PASS13_details"
                       class="testMethodDetails">
                     <div>
                        <b>Name: </b>init
                     </div>
                     <div>
                        <b>Signature: </b>init()[pri:0, instance:com.qtpselenium.zoho.project.testcases.LeadTest@7a187f14]
                     </div>
                     <div>
                        <b>Start time: </b>13:26:02
                     </div>
                     <div>
                        <b>End time: </b>13:26:02
                     </div>
                     <div>
                        <b>Duration: </b>0 ms
                        
                     </div>
                  </div>
               </td>
            </tr>
            <tr></tr>
            <tr id="com.qtpselenium.zoho.project.testcases.LeadTest_convertLeadTest_byClass_FAIL14_row"
                class="testMethodStatusFAIL">
               <td width="100%" class="firstMethodCell">
                  <a onclick="toggleDetailsVisibility('com.qtpselenium.zoho.project.testcases.LeadTest_convertLeadTest_byClass_FAIL14_details')">convertLeadTest({LeadLastName=Wilson, Runmode=Y, LeadCompany=Samsung, Browser=Mozilla})</a>
               </td>
               <td nowrap="true">13:26:02</td>
               <td nowrap="true" align="right">15s
                  
               </td>
               <td nowrap="true">
                  <a onclick="toggleDetailsVisibility('com.qtpselenium.zoho.project.testcases.LeadTest_convertLeadTest_byClass_FAIL14_exception')">java.lang.NullPointerException: 
                     null value in entry: url=null
                     
                  </a>
                   
                  
               </td>
            </tr>
            <tr>
               <td colspan="4" class="detailsBox">
                  <div id="com.qtpselenium.zoho.project.testcases.LeadTest_convertLeadTest_byClass_FAIL14_details"
                       class="testMethodDetails">
                     <div>
                        <b>Name: </b>convertLeadTest
                     </div>
                     <div>
                        <b>Signature: </b>convertLeadTest(java.util.Hashtable)[pri:2, instance:com.qtpselenium.zoho.project.testcases.LeadTest@7a187f14]
                     </div>
                     <div>
                        <b>Parameters: </b>
                        
                        {LeadLastName=Wilson, Runmode=Y, LeadCompany=Samsung, Browser=Mozilla}
                        
                        
                     </div>
                     <div>
                        <b>Start time: </b>13:26:02
                     </div>
                     <div>
                        <b>End time: </b>13:26:17
                     </div>
                     <div>
                        <b>Duration: </b>15s
                        
                     </div>
                  </div>
               </td>
            </tr>
            <tr>
               <td colspan="4" class="detailsBox">
                  <div id="com.qtpselenium.zoho.project.testcases.LeadTest_convertLeadTest_byClass_FAIL14_exception"
                       class="testMethodDetails">
                     <pre style="padding: 5px; margin: 0;">java.lang.NullPointerException: null value in entry: url=null
                        	at com.google.common.collect.CollectPreconditions.checkEntryNotNull(CollectPreconditions.java:33)
                        	at com.google.common.collect.SingletonImmutableBiMap.&lt;init&gt;(SingletonImmutableBiMap.java:39)
                        	at com.google.common.collect.ImmutableBiMap.of(ImmutableBiMap.java:49)
                        	at com.google.common.collect.ImmutableMap.of(ImmutableMap.java:70)
                        	at org.openqa.selenium.remote.RemoteWebDriver.get(RemoteWebDriver.java:316)
                        	at com.qtpselenium.zoho.project.base.BaseTest.navigate(BaseTest.java:110)
                        	at com.qtpselenium.zoho.project.testcases.LeadTest.convertLeadTest(LeadTest.java:70)
                        	at sun.reflect.NativeMethodAccessorImpl.invoke0(Native Method)
                        	at sun.reflect.NativeMethodAccessorImpl.invoke(NativeMethodAccessorImpl.java:62)
                        	at sun.reflect.DelegatingMethodAccessorImpl.invoke(DelegatingMethodAccessorImpl.java:43)
                        	at java.lang.reflect.Method.invoke(Method.java:483)
                        	at org.testng.internal.MethodInvocationHelper.invokeMethod(MethodInvocationHelper.java:85)
                        	at org.testng.internal.Invoker.invokeMethod(Invoker.java:639)
                        	at org.testng.internal.Invoker.invokeTestMethod(Invoker.java:816)
                        	at org.testng.internal.TestMethodWithDataProviderMethodWorker.call(TestMethodWithDataProviderMethodWorker.java:75)
                        	at org.testng.internal.TestMethodWithDataProviderMethodWorker.call(TestMethodWithDataProviderMethodWorker.java:14)
                        	at java.util.concurrent.FutureTask.run(FutureTask.java:266)
                        	at java.util.concurrent.Executors$RunnableAdapter.call(Executors.java:511)
                        	at java.util.concurrent.FutureTask.run(FutureTask.java:266)
                        	at java.util.concurrent.ThreadPoolExecutor.runWorker(ThreadPoolExecutor.java:1142)
                        	at java.util.concurrent.ThreadPoolExecutor$Worker.run(ThreadPoolExecutor.java:617)
                        	at java.lang.Thread.run(Thread.java:745)
                     </pre>
                  </div>
               </td>
            </tr>
            <tr id="com.qtpselenium.zoho.project.testcases.LeadTest_init_byClass_PASS15_row"
                class="testMethodStatusPASS testMethodStatusCONF">
               <td width="100%" class="firstMethodCell">
                  <a onclick="toggleDetailsVisibility('com.qtpselenium.zoho.project.testcases.LeadTest_init_byClass_PASS15_details')">init()</a>
               </td>
               <td nowrap="true">13:26:02</td>
               <td nowrap="true" align="right">0 ms
                  
               </td>
               <td nowrap="true">
                   
                  
               </td>
            </tr>
            <tr>
               <td colspan="4" class="detailsBox">
                  <div id="com.qtpselenium.zoho.project.testcases.LeadTest_init_byClass_PASS15_details"
                       class="testMethodDetails">
                     <div>
                        <b>Name: </b>init
                     </div>
                     <div>
                        <b>Signature: </b>init()[pri:0, instance:com.qtpselenium.zoho.project.testcases.LeadTest@7a187f14]
                     </div>
                     <div>
                        <b>Start time: </b>13:26:02
                     </div>
                     <div>
                        <b>End time: </b>13:26:02
                     </div>
                     <div>
                        <b>Duration: </b>0 ms
                        
                     </div>
                  </div>
               </td>
            </tr>
            <tr></tr>
            <tr id="com.qtpselenium.zoho.project.testcases.LeadTest_convertLeadTest_byClass_SKIP16_row"
                class="testMethodStatusSKIP">
               <td width="100%" class="firstMethodCell">
                  <a onclick="toggleDetailsVisibility('com.qtpselenium.zoho.project.testcases.LeadTest_convertLeadTest_byClass_SKIP16_details')">convertLeadTest({LeadLastName=Sharma, Runmode=N, LeadCompany=Lenovo, Browser=Chrome})</a>
               </td>
               <td nowrap="true">13:26:02</td>
               <td nowrap="true" align="right">2 ms
                  
               </td>
               <td nowrap="true">
                  <a onclick="toggleDetailsVisibility('com.qtpselenium.zoho.project.testcases.LeadTest_convertLeadTest_byClass_SKIP16_exception')">org.testng.SkipException: 
                     Skipping the test as runmode is N
                     
                  </a>
                   
                  
               </td>
            </tr>
            <tr>
               <td colspan="4" class="detailsBox">
                  <div id="com.qtpselenium.zoho.project.testcases.LeadTest_convertLeadTest_byClass_SKIP16_details"
                       class="testMethodDetails">
                     <div>
                        <b>Name: </b>convertLeadTest
                     </div>
                     <div>
                        <b>Signature: </b>convertLeadTest(java.util.Hashtable)[pri:2, instance:com.qtpselenium.zoho.project.testcases.LeadTest@7a187f14]
                     </div>
                     <div>
                        <b>Parameters: </b>
                        
                        {LeadLastName=Sharma, Runmode=N, LeadCompany=Lenovo, Browser=Chrome}
                        
                        
                     </div>
                     <div>
                        <b>Start time: </b>13:26:02
                     </div>
                     <div>
                        <b>End time: </b>13:26:02
                     </div>
                     <div>
                        <b>Duration: </b>2 ms
                        
                     </div>
                  </div>
               </td>
            </tr>
            <tr>
               <td colspan="4" class="detailsBox">
                  <div id="com.qtpselenium.zoho.project.testcases.LeadTest_convertLeadTest_byClass_SKIP16_exception"
                       class="testMethodDetails">
                     <pre style="padding: 5px; margin: 0;">org.testng.SkipException: Skipping the test as runmode is N
                        	at com.qtpselenium.zoho.project.testcases.LeadTest.convertLeadTest(LeadTest.java:66)
                        	at sun.reflect.NativeMethodAccessorImpl.invoke0(Native Method)
                        	at sun.reflect.NativeMethodAccessorImpl.invoke(NativeMethodAccessorImpl.java:62)
                        	at sun.reflect.DelegatingMethodAccessorImpl.invoke(DelegatingMethodAccessorImpl.java:43)
                        	at java.lang.reflect.Method.invoke(Method.java:483)
                        	at org.testng.internal.MethodInvocationHelper.invokeMethod(MethodInvocationHelper.java:85)
                        	at org.testng.internal.Invoker.invokeMethod(Invoker.java:639)
                        	at org.testng.internal.Invoker.invokeTestMethod(Invoker.java:816)
                        	at org.testng.internal.TestMethodWithDataProviderMethodWorker.call(TestMethodWithDataProviderMethodWorker.java:75)
                        	at org.testng.internal.TestMethodWithDataProviderMethodWorker.call(TestMethodWithDataProviderMethodWorker.java:14)
                        	at java.util.concurrent.FutureTask.run(FutureTask.java:266)
                        	at java.util.concurrent.Executors$RunnableAdapter.call(Executors.java:511)
                        	at java.util.concurrent.FutureTask.run(FutureTask.java:266)
                        	at java.util.concurrent.ThreadPoolExecutor.runWorker(ThreadPoolExecutor.java:1142)
                        	at java.util.concurrent.ThreadPoolExecutor$Worker.run(ThreadPoolExecutor.java:617)
                        	at java.lang.Thread.run(Thread.java:745)
                     </pre>
                  </div>
               </td>
            </tr>
            <tr id="com.qtpselenium.zoho.project.testcases.LeadTest_init_byClass_PASS17_row"
                class="testMethodStatusPASS testMethodStatusCONF">
               <td width="100%" class="firstMethodCell">
                  <a onclick="toggleDetailsVisibility('com.qtpselenium.zoho.project.testcases.LeadTest_init_byClass_PASS17_details')">init()</a>
               </td>
               <td nowrap="true">13:26:02</td>
               <td nowrap="true" align="right">0 ms
                  
               </td>
               <td nowrap="true">
                   
                  
               </td>
            </tr>
            <tr>
               <td colspan="4" class="detailsBox">
                  <div id="com.qtpselenium.zoho.project.testcases.LeadTest_init_byClass_PASS17_details"
                       class="testMethodDetails">
                     <div>
                        <b>Name: </b>init
                     </div>
                     <div>
                        <b>Signature: </b>init()[pri:0, instance:com.qtpselenium.zoho.project.testcases.LeadTest@7a187f14]
                     </div>
                     <div>
                        <b>Start time: </b>13:26:02
                     </div>
                     <div>
                        <b>End time: </b>13:26:02
                     </div>
                     <div>
                        <b>Duration: </b>0 ms
                        
                     </div>
                  </div>
               </td>
            </tr>
            <tr></tr>
            <tr id="com.qtpselenium.zoho.project.testcases.LeadTest_init_byClass_PASS18_row"
                class="testMethodStatusPASS testMethodStatusCONF">
               <td width="100%" class="firstMethodCell">
                  <a onclick="toggleDetailsVisibility('com.qtpselenium.zoho.project.testcases.LeadTest_init_byClass_PASS18_details')">init()</a>
               </td>
               <td nowrap="true">13:26:02</td>
               <td nowrap="true" align="right">1 ms
                  
               </td>
               <td nowrap="true">
                   
                  
               </td>
            </tr>
            <tr>
               <td colspan="4" class="detailsBox">
                  <div id="com.qtpselenium.zoho.project.testcases.LeadTest_init_byClass_PASS18_details"
                       class="testMethodDetails">
                     <div>
                        <b>Name: </b>init
                     </div>
                     <div>
                        <b>Signature: </b>init()[pri:0, instance:com.qtpselenium.zoho.project.testcases.LeadTest@7a187f14]
                     </div>
                     <div>
                        <b>Start time: </b>13:26:02
                     </div>
                     <div>
                        <b>End time: </b>13:26:02
                     </div>
                     <div>
                        <b>Duration: </b>1 ms
                        
                     </div>
                  </div>
               </td>
            </tr>
            <tr></tr>
            <tr id="com.qtpselenium.zoho.project.testcases.LeadTest_convertLeadTest_byClass_SKIP19_row"
                class="testMethodStatusSKIP">
               <td width="100%" class="firstMethodCell">
                  <a onclick="toggleDetailsVisibility('com.qtpselenium.zoho.project.testcases.LeadTest_convertLeadTest_byClass_SKIP19_details')">convertLeadTest({LeadLastName=Sam, Runmode=N, LeadCompany=Sony, Browser=Mozilla})</a>
               </td>
               <td nowrap="true">13:26:02</td>
               <td nowrap="true" align="right">2 ms
                  
               </td>
               <td nowrap="true">
                  <a onclick="toggleDetailsVisibility('com.qtpselenium.zoho.project.testcases.LeadTest_convertLeadTest_byClass_SKIP19_exception')">org.testng.SkipException: 
                     Skipping the test as runmode is N
                     
                  </a>
                   
                  
               </td>
            </tr>
            <tr>
               <td colspan="4" class="detailsBox">
                  <div id="com.qtpselenium.zoho.project.testcases.LeadTest_convertLeadTest_byClass_SKIP19_details"
                       class="testMethodDetails">
                     <div>
                        <b>Name: </b>convertLeadTest
                     </div>
                     <div>
                        <b>Signature: </b>convertLeadTest(java.util.Hashtable)[pri:2, instance:com.qtpselenium.zoho.project.testcases.LeadTest@7a187f14]
                     </div>
                     <div>
                        <b>Parameters: </b>
                        
                        {LeadLastName=Sam, Runmode=N, LeadCompany=Sony, Browser=Mozilla}
                        
                        
                     </div>
                     <div>
                        <b>Start time: </b>13:26:02
                     </div>
                     <div>
                        <b>End time: </b>13:26:02
                     </div>
                     <div>
                        <b>Duration: </b>2 ms
                        
                     </div>
                  </div>
               </td>
            </tr>
            <tr>
               <td colspan="4" class="detailsBox">
                  <div id="com.qtpselenium.zoho.project.testcases.LeadTest_convertLeadTest_byClass_SKIP19_exception"
                       class="testMethodDetails">
                     <pre style="padding: 5px; margin: 0;">org.testng.SkipException: Skipping the test as runmode is N
                        	at com.qtpselenium.zoho.project.testcases.LeadTest.convertLeadTest(LeadTest.java:66)
                        	at sun.reflect.NativeMethodAccessorImpl.invoke0(Native Method)
                        	at sun.reflect.NativeMethodAccessorImpl.invoke(NativeMethodAccessorImpl.java:62)
                        	at sun.reflect.DelegatingMethodAccessorImpl.invoke(DelegatingMethodAccessorImpl.java:43)
                        	at java.lang.reflect.Method.invoke(Method.java:483)
                        	at org.testng.internal.MethodInvocationHelper.invokeMethod(MethodInvocationHelper.java:85)
                        	at org.testng.internal.Invoker.invokeMethod(Invoker.java:639)
                        	at org.testng.internal.Invoker.invokeTestMethod(Invoker.java:816)
                        	at org.testng.internal.TestMethodWithDataProviderMethodWorker.call(TestMethodWithDataProviderMethodWorker.java:75)
                        	at org.testng.internal.TestMethodWithDataProviderMethodWorker.call(TestMethodWithDataProviderMethodWorker.java:14)
                        	at java.util.concurrent.FutureTask.run(FutureTask.java:266)
                        	at java.util.concurrent.Executors$RunnableAdapter.call(Executors.java:511)
                        	at java.util.concurrent.FutureTask.run(FutureTask.java:266)
                        	at java.util.concurrent.ThreadPoolExecutor.runWorker(ThreadPoolExecutor.java:1142)
                        	at java.util.concurrent.ThreadPoolExecutor$Worker.run(ThreadPoolExecutor.java:617)
                        	at java.lang.Thread.run(Thread.java:745)
                     </pre>
                  </div>
               </td>
            </tr>
            <tr id="com.qtpselenium.zoho.project.testcases.LeadTest_convertLeadTest_byClass_SKIP20_row"
                class="testMethodStatusSKIP">
               <td width="100%" class="firstMethodCell">
                  <a onclick="toggleDetailsVisibility('com.qtpselenium.zoho.project.testcases.LeadTest_convertLeadTest_byClass_SKIP20_details')">convertLeadTest({LeadLastName=Watson, Runmode=N, LeadCompany=HP, Browser=Chrome})</a>
               </td>
               <td nowrap="true">13:26:02</td>
               <td nowrap="true" align="right">1 ms
                  
               </td>
               <td nowrap="true">
                  <a onclick="toggleDetailsVisibility('com.qtpselenium.zoho.project.testcases.LeadTest_convertLeadTest_byClass_SKIP20_exception')">org.testng.SkipException: 
                     Skipping the test as runmode is N
                     
                  </a>
                   
                  
               </td>
            </tr>
            <tr>
               <td colspan="4" class="detailsBox">
                  <div id="com.qtpselenium.zoho.project.testcases.LeadTest_convertLeadTest_byClass_SKIP20_details"
                       class="testMethodDetails">
                     <div>
                        <b>Name: </b>convertLeadTest
                     </div>
                     <div>
                        <b>Signature: </b>convertLeadTest(java.util.Hashtable)[pri:2, instance:com.qtpselenium.zoho.project.testcases.LeadTest@7a187f14]
                     </div>
                     <div>
                        <b>Parameters: </b>
                        
                        {LeadLastName=Watson, Runmode=N, LeadCompany=HP, Browser=Chrome}
                        
                        
                     </div>
                     <div>
                        <b>Start time: </b>13:26:02
                     </div>
                     <div>
                        <b>End time: </b>13:26:02
                     </div>
                     <div>
                        <b>Duration: </b>1 ms
                        
                     </div>
                  </div>
               </td>
            </tr>
            <tr>
               <td colspan="4" class="detailsBox">
                  <div id="com.qtpselenium.zoho.project.testcases.LeadTest_convertLeadTest_byClass_SKIP20_exception"
                       class="testMethodDetails">
                     <pre style="padding: 5px; margin: 0;">org.testng.SkipException: Skipping the test as runmode is N
                        	at com.qtpselenium.zoho.project.testcases.LeadTest.convertLeadTest(LeadTest.java:66)
                        	at sun.reflect.NativeMethodAccessorImpl.invoke0(Native Method)
                        	at sun.reflect.NativeMethodAccessorImpl.invoke(NativeMethodAccessorImpl.java:62)
                        	at sun.reflect.DelegatingMethodAccessorImpl.invoke(DelegatingMethodAccessorImpl.java:43)
                        	at java.lang.reflect.Method.invoke(Method.java:483)
                        	at org.testng.internal.MethodInvocationHelper.invokeMethod(MethodInvocationHelper.java:85)
                        	at org.testng.internal.Invoker.invokeMethod(Invoker.java:639)
                        	at org.testng.internal.Invoker.invokeTestMethod(Invoker.java:816)
                        	at org.testng.internal.TestMethodWithDataProviderMethodWorker.call(TestMethodWithDataProviderMethodWorker.java:75)
                        	at org.testng.internal.TestMethodWithDataProviderMethodWorker.call(TestMethodWithDataProviderMethodWorker.java:14)
                        	at java.util.concurrent.FutureTask.run(FutureTask.java:266)
                        	at java.util.concurrent.Executors$RunnableAdapter.call(Executors.java:511)
                        	at java.util.concurrent.FutureTask.run(FutureTask.java:266)
                        	at java.util.concurrent.ThreadPoolExecutor.runWorker(ThreadPoolExecutor.java:1142)
                        	at java.util.concurrent.ThreadPoolExecutor$Worker.run(ThreadPoolExecutor.java:617)
                        	at java.lang.Thread.run(Thread.java:745)
                     </pre>
                  </div>
               </td>
            </tr>
            <tr id="com.qtpselenium.zoho.project.testcases.LeadTest_quit_byClass_PASS21_row"
                class="testMethodStatusPASS testMethodStatusCONF">
               <td width="100%" class="firstMethodCell">
                  <a onclick="toggleDetailsVisibility('com.qtpselenium.zoho.project.testcases.LeadTest_quit_byClass_PASS21_details')">quit()</a>
               </td>
               <td nowrap="true">13:26:02</td>
               <td nowrap="true" align="right">97 ms
                  
               </td>
               <td nowrap="true">
                   
                  
               </td>
            </tr>
            <tr>
               <td colspan="4" class="detailsBox">
                  <div id="com.qtpselenium.zoho.project.testcases.LeadTest_quit_byClass_PASS21_details"
                       class="testMethodDetails">
                     <div>
                        <b>Name: </b>quit
                     </div>
                     <div>
                        <b>Signature: </b>quit()[pri:0, instance:com.qtpselenium.zoho.project.testcases.LeadTest@7a187f14]
                     </div>
                     <div>
                        <b>Start time: </b>13:26:02
                     </div>
                     <div>
                        <b>End time: </b>13:26:02
                     </div>
                     <div>
                        <b>Duration: </b>97 ms
                        
                     </div>
                  </div>
               </td>
            </tr>
            <tr></tr>
            <tr id="com.qtpselenium.zoho.project.testcases.LeadTest_quit_byClass_PASS22_row"
                class="testMethodStatusPASS testMethodStatusCONF">
               <td width="100%" class="firstMethodCell">
                  <a onclick="toggleDetailsVisibility('com.qtpselenium.zoho.project.testcases.LeadTest_quit_byClass_PASS22_details')">quit()</a>
               </td>
               <td nowrap="true">13:26:02</td>
               <td nowrap="true" align="right">73 ms
                  
               </td>
               <td nowrap="true">
                   
                  
               </td>
            </tr>
            <tr>
               <td colspan="4" class="detailsBox">
                  <div id="com.qtpselenium.zoho.project.testcases.LeadTest_quit_byClass_PASS22_details"
                       class="testMethodDetails">
                     <div>
                        <b>Name: </b>quit
                     </div>
                     <div>
                        <b>Signature: </b>quit()[pri:0, instance:com.qtpselenium.zoho.project.testcases.LeadTest@7a187f14]
                     </div>
                     <div>
                        <b>Start time: </b>13:26:02
                     </div>
                     <div>
                        <b>End time: </b>13:26:02
                     </div>
                     <div>
                        <b>Duration: </b>73 ms
                        
                     </div>
                  </div>
               </td>
            </tr>
            <tr></tr>
            <tr id="com.qtpselenium.zoho.project.testcases.LeadTest_quit_byClass_PASS23_row"
                class="testMethodStatusPASS testMethodStatusCONF">
               <td width="100%" class="firstMethodCell">
                  <a onclick="toggleDetailsVisibility('com.qtpselenium.zoho.project.testcases.LeadTest_quit_byClass_PASS23_details')">quit()</a>
               </td>
               <td nowrap="true">13:26:02</td>
               <td nowrap="true" align="right">120 ms
                  
               </td>
               <td nowrap="true">
                   
                  
               </td>
            </tr>
            <tr>
               <td colspan="4" class="detailsBox">
                  <div id="com.qtpselenium.zoho.project.testcases.LeadTest_quit_byClass_PASS23_details"
                       class="testMethodDetails">
                     <div>
                        <b>Name: </b>quit
                     </div>
                     <div>
                        <b>Signature: </b>quit()[pri:0, instance:com.qtpselenium.zoho.project.testcases.LeadTest@7a187f14]
                     </div>
                     <div>
                        <b>Start time: </b>13:26:02
                     </div>
                     <div>
                        <b>End time: </b>13:26:02
                     </div>
                     <div>
                        <b>Duration: </b>120 ms
                        
                     </div>
                  </div>
               </td>
            </tr>
            <tr></tr>
            <tr id="com.qtpselenium.zoho.project.testcases.LeadTest_quit_byClass_PASS24_row"
                class="testMethodStatusPASS testMethodStatusCONF">
               <td width="100%" class="firstMethodCell">
                  <a onclick="toggleDetailsVisibility('com.qtpselenium.zoho.project.testcases.LeadTest_quit_byClass_PASS24_details')">quit()</a>
               </td>
               <td nowrap="true">13:26:17</td>
               <td nowrap="true" align="right">1s
                  
               </td>
               <td nowrap="true">
                   
                  
               </td>
            </tr>
            <tr>
               <td colspan="4" class="detailsBox">
                  <div id="com.qtpselenium.zoho.project.testcases.LeadTest_quit_byClass_PASS24_details"
                       class="testMethodDetails">
                     <div>
                        <b>Name: </b>quit
                     </div>
                     <div>
                        <b>Signature: </b>quit()[pri:0, instance:com.qtpselenium.zoho.project.testcases.LeadTest@7a187f14]
                     </div>
                     <div>
                        <b>Start time: </b>13:26:17
                     </div>
                     <div>
                        <b>End time: </b>13:26:19
                     </div>
                     <div>
                        <b>Duration: </b>1s
                        
                     </div>
                  </div>
               </td>
            </tr>
            <tr></tr>
            <tr id="com.qtpselenium.zoho.project.testcases.LeadTest_init_byClass_PASS25_row"
                class="testMethodStatusPASS testMethodStatusCONF">
               <td width="100%" class="firstMethodCell">
                  <a onclick="toggleDetailsVisibility('com.qtpselenium.zoho.project.testcases.LeadTest_init_byClass_PASS25_details')">init()</a>
               </td>
               <td nowrap="true">13:26:19</td>
               <td nowrap="true" align="right">0 ms
                  
               </td>
               <td nowrap="true">
                   
                  
               </td>
            </tr>
            <tr>
               <td colspan="4" class="detailsBox">
                  <div id="com.qtpselenium.zoho.project.testcases.LeadTest_init_byClass_PASS25_details"
                       class="testMethodDetails">
                     <div>
                        <b>Name: </b>init
                     </div>
                     <div>
                        <b>Signature: </b>init()[pri:0, instance:com.qtpselenium.zoho.project.testcases.LeadTest@7a187f14]
                     </div>
                     <div>
                        <b>Start time: </b>13:26:19
                     </div>
                     <div>
                        <b>End time: </b>13:26:19
                     </div>
                     <div>
                        <b>Duration: </b>0 ms
                        
                     </div>
                  </div>
               </td>
            </tr>
            <tr></tr>
            <tr id="com.qtpselenium.zoho.project.testcases.LeadTest_deleteLeadAccountTest_byClass_FAIL26_row"
                class="testMethodStatusFAIL">
               <td width="100%" class="firstMethodCell">
                  <a onclick="toggleDetailsVisibility('com.qtpselenium.zoho.project.testcases.LeadTest_deleteLeadAccountTest_byClass_FAIL26_details')">deleteLeadAccountTest({LeadLastName=Chambers, Runmode=Y, LeadCompany=CISCO, Browser=Mozilla})</a>
               </td>
               <td nowrap="true">13:26:19</td>
               <td nowrap="true" align="right">6s
                  
               </td>
               <td nowrap="true">
                  <a onclick="toggleDetailsVisibility('com.qtpselenium.zoho.project.testcases.LeadTest_deleteLeadAccountTest_byClass_FAIL26_exception')">java.lang.NullPointerException: 
                     null value in entry: url=null
                     
                  </a>
                   
                  
               </td>
            </tr>
            <tr>
               <td colspan="4" class="detailsBox">
                  <div id="com.qtpselenium.zoho.project.testcases.LeadTest_deleteLeadAccountTest_byClass_FAIL26_details"
                       class="testMethodDetails">
                     <div>
                        <b>Name: </b>deleteLeadAccountTest
                     </div>
                     <div>
                        <b>Signature: </b>deleteLeadAccountTest(java.util.Hashtable)[pri:3, instance:com.qtpselenium.zoho.project.testcases.LeadTest@7a187f14]
                     </div>
                     <div>
                        <b>Parameters: </b>
                        
                        {LeadLastName=Chambers, Runmode=Y, LeadCompany=CISCO, Browser=Mozilla}
                        
                        
                     </div>
                     <div>
                        <b>Start time: </b>13:26:19
                     </div>
                     <div>
                        <b>End time: </b>13:26:24
                     </div>
                     <div>
                        <b>Duration: </b>6s
                        
                     </div>
                  </div>
               </td>
            </tr>
            <tr>
               <td colspan="4" class="detailsBox">
                  <div id="com.qtpselenium.zoho.project.testcases.LeadTest_deleteLeadAccountTest_byClass_FAIL26_exception"
                       class="testMethodDetails">
                     <pre style="padding: 5px; margin: 0;">java.lang.NullPointerException: null value in entry: url=null
                        	at com.google.common.collect.CollectPreconditions.checkEntryNotNull(CollectPreconditions.java:33)
                        	at com.google.common.collect.SingletonImmutableBiMap.&lt;init&gt;(SingletonImmutableBiMap.java:39)
                        	at com.google.common.collect.ImmutableBiMap.of(ImmutableBiMap.java:49)
                        	at com.google.common.collect.ImmutableMap.of(ImmutableMap.java:70)
                        	at org.openqa.selenium.remote.RemoteWebDriver.get(RemoteWebDriver.java:316)
                        	at com.qtpselenium.zoho.project.base.BaseTest.navigate(BaseTest.java:110)
                        	at com.qtpselenium.zoho.project.testcases.LeadTest.deleteLeadAccountTest(LeadTest.java:93)
                        	at sun.reflect.NativeMethodAccessorImpl.invoke0(Native Method)
                        	at sun.reflect.NativeMethodAccessorImpl.invoke(NativeMethodAccessorImpl.java:62)
                        	at sun.reflect.DelegatingMethodAccessorImpl.invoke(DelegatingMethodAccessorImpl.java:43)
                        	at java.lang.reflect.Method.invoke(Method.java:483)
                        	at org.testng.internal.MethodInvocationHelper.invokeMethod(MethodInvocationHelper.java:85)
                        	at org.testng.internal.Invoker.invokeMethod(Invoker.java:639)
                        	at org.testng.internal.Invoker.invokeTestMethod(Invoker.java:816)
                        	at org.testng.internal.TestMethodWithDataProviderMethodWorker.call(TestMethodWithDataProviderMethodWorker.java:75)
                        	at org.testng.internal.TestMethodWithDataProviderMethodWorker.call(TestMethodWithDataProviderMethodWorker.java:14)
                        	at java.util.concurrent.FutureTask.run(FutureTask.java:266)
                        	at java.util.concurrent.Executors$RunnableAdapter.call(Executors.java:511)
                        	at java.util.concurrent.FutureTask.run(FutureTask.java:266)
                        	at java.util.concurrent.ThreadPoolExecutor.runWorker(ThreadPoolExecutor.java:1142)
                        	at java.util.concurrent.ThreadPoolExecutor$Worker.run(ThreadPoolExecutor.java:617)
                        	at java.lang.Thread.run(Thread.java:745)
                     </pre>
                  </div>
               </td>
            </tr>
            <tr id="com.qtpselenium.zoho.project.testcases.LeadTest_quit_byClass_PASS27_row"
                class="testMethodStatusPASS testMethodStatusCONF">
               <td width="100%" class="firstMethodCell">
                  <a onclick="toggleDetailsVisibility('com.qtpselenium.zoho.project.testcases.LeadTest_quit_byClass_PASS27_details')">quit()</a>
               </td>
               <td nowrap="true">13:26:24</td>
               <td nowrap="true" align="right">642 ms
                  
               </td>
               <td nowrap="true">
                   
                  
               </td>
            </tr>
            <tr>
               <td colspan="4" class="detailsBox">
                  <div id="com.qtpselenium.zoho.project.testcases.LeadTest_quit_byClass_PASS27_details"
                       class="testMethodDetails">
                     <div>
                        <b>Name: </b>quit
                     </div>
                     <div>
                        <b>Signature: </b>quit()[pri:0, instance:com.qtpselenium.zoho.project.testcases.LeadTest@7a187f14]
                     </div>
                     <div>
                        <b>Start time: </b>13:26:24
                     </div>
                     <div>
                        <b>End time: </b>13:26:25
                     </div>
                     <div>
                        <b>Duration: </b>642 ms
                        
                     </div>
                  </div>
               </td>
            </tr>
            <tr></tr>
         </table>
         <br></br>
      </div>
      <div style="margin-top: 15px; color: gray; text-align: center; font-size: 9px;">
         Generated with
         
         <a href="http://code.google.com/p/testng-xslt/" style="color: #8888aa;"
            target="_blank">
            TestNG XSLT
            
         </a>
      </div>
   </body>
</html>