<html xmlns:math="http://exslt.org/math" xmlns:testng="http://testng.org">
   <head>
      <title>TestNG Results</title>
      <meta http-equiv="content-type" content="text/html; charset=utf-8"></meta>
      <meta http-equiv="pragma" content="no-cache"></meta>
      <meta http-equiv="cache-control" content="max-age=0"></meta>
      <meta http-equiv="cache-control" content="no-cache"></meta>
      <meta http-equiv="cache-control" content="no-store"></meta>
      <LINK rel="stylesheet" href="style.css"></LINK>
      <script type="text/javascript" src="main.js"></script>
   </head>
   <body>
      <table width="100%" style="font-size: 16px; margin-bottom: 10px;" cellspacing="1">
         <tr>
            <td width="100%">
               Test case
               
               <b>Login Test</b>
            </td>
            <td style="background-color: #FFBBBB; padding: 3px 3px 3px 0;" align="center">
               <div style="width: 50px;">1</div>
            </td>
            <td style="background-color: lightgreen; padding: 3px 3px 3px 0;" align="center">
               <div style="width: 50px;">0</div>
            </td>
            <td style="background-color: #FFFFBB; padding: 3px 3px 3px 0;" align="center">
               <div style="width: 50px;">1</div>
            </td>
            <td align="center" style="background-color: #eaf0f7; padding: 3px 3px 3px 0;">
               <div style="width: 50px;">2</div>
            </td>
            <td align="center"
                style="font-weight: bold; background-color: #eaf0f7; padding: 3px 3px 3px 0;">
               <div style="width: 50px;">0%</div>
            </td>
            <td style="background-color: #eaf0f7; padding: 3px 3px 3px 0;" align="center"
                nowrap="true">56s
               
            </td>
         </tr>
      </table>
      <div style="width: 200px;">
         <label for="groupMethodsCheckBox" style="font-weight: bold; margin: 0;">
            <input id="groupMethodsCheckBox" type="checkbox" onclick="switchTestMethodsView(this)"></input>
            Group by class
            
         </label>
         <br></br>
         <label for="methodsFilter_ALL" style="font-weight: bold; margin: 0;">
            <input id="methodsFilter_ALL" type="checkbox"
                   onclick="testMethodsFilterChanged(this, 'ALL')"></input>
            All
            
         </label>
      </div>
      <label for="methodsFilter_FAIL" style="margin-left: 20px;">
         <input id="methodsFilter_FAIL" type="checkbox"
                onclick="testMethodsFilterChanged(this, 'FAIL')"
                checked=""></input>
         Failed
         
      </label>
      <label for="methodsFilter_PASS">
         <input id="methodsFilter_PASS" type="checkbox"
                onclick="testMethodsFilterChanged(this, 'PASS')"
                checked=""></input>
         Passed
         
      </label>
      <label for="methodsFilter_SKIP">
         <input id="methodsFilter_SKIP" type="checkbox"
                onclick="testMethodsFilterChanged(this, 'SKIP')"
                checked=""></input>
         Skipped
         
      </label>
      <label for="methodsFilter_CONF">
         <input id="methodsFilter_CONF" type="checkbox"
                onclick="testMethodsFilterChanged(this, 'CONF')"></input>
         Config
         
      </label>
      <br></br>
      <div id="testMethodsByStatus">
         <table class="testMethodsTable" cellpadding="0" cellspacing="0">
            <tr class="methodsTableHeader">
               <td width="100%">Name</td>
               <td nowrap="true">Started</td>
               <td nowrap="true">Duration</td>
               <td>Exception</td>
            </tr>
            <tr id="com.qtpselenium.zoho.project.testcases.LoginTest_doLoginTest_byStatus_failed_FAIL1_row"
                class="testMethodStatusFAIL">
               <td width="100%" class="firstMethodCell">
                  <a onclick="toggleDetailsVisibility('com.qtpselenium.zoho.project.testcases.LoginTest_doLoginTest_byStatus_failed_FAIL1_details')">doLoginTest({Username=its.thakur@gmail.com, ExpectedResult=Y, Password=xxxxx, Runmode=Y, Browser=Chrome})</a>
               </td>
               <td nowrap="true">13:24:47</td>
               <td nowrap="true" align="right">30s
                  
               </td>
               <td nowrap="true">
                  <a onclick="toggleDetailsVisibility('com.qtpselenium.zoho.project.testcases.LoginTest_doLoginTest_byStatus_failed_FAIL1_exception')">java.lang.NullPointerException: 
                     null value in entry: url=null
                     
                  </a>
                   
                  
               </td>
            </tr>
            <tr>
               <td colspan="4" class="detailsBox">
                  <div id="com.qtpselenium.zoho.project.testcases.LoginTest_doLoginTest_byStatus_failed_FAIL1_details"
                       class="testMethodDetails">
                     <div>
                        <b>Name: </b>doLoginTest
                     </div>
                     <div>
                        <b>Signature: </b>doLoginTest(java.util.Hashtable)[pri:0, instance:com.qtpselenium.zoho.project.testcases.LoginTest@ea1a8d5]
                     </div>
                     <div>
                        <b>Parameters: </b>
                        
                        {Username=its.thakur@gmail.com, ExpectedResult=Y, Password=xxxxx, Runmode=Y, Browser=Chrome}
                        
                        
                     </div>
                     <div>
                        <b>Start time: </b>13:24:47
                     </div>
                     <div>
                        <b>End time: </b>13:25:17
                     </div>
                     <div>
                        <b>Duration: </b>30s
                        
                     </div>
                  </div>
               </td>
            </tr>
            <tr>
               <td colspan="4" class="detailsBox">
                  <div id="com.qtpselenium.zoho.project.testcases.LoginTest_doLoginTest_byStatus_failed_FAIL1_exception"
                       class="testMethodDetails">
                     <pre style="padding: 5px; margin: 0;">java.lang.NullPointerException: null value in entry: url=null
                        	at com.google.common.collect.CollectPreconditions.checkEntryNotNull(CollectPreconditions.java:33)
                        	at com.google.common.collect.SingletonImmutableBiMap.&lt;init&gt;(SingletonImmutableBiMap.java:39)
                        	at com.google.common.collect.ImmutableBiMap.of(ImmutableBiMap.java:49)
                        	at com.google.common.collect.ImmutableMap.of(ImmutableMap.java:70)
                        	at org.openqa.selenium.remote.RemoteWebDriver.get(RemoteWebDriver.java:316)
                        	at com.qtpselenium.zoho.project.base.BaseTest.navigate(BaseTest.java:110)
                        	at com.qtpselenium.zoho.project.testcases.LoginTest.doLoginTest(LoginTest.java:39)
                        	at sun.reflect.NativeMethodAccessorImpl.invoke0(Native Method)
                        	at sun.reflect.NativeMethodAccessorImpl.invoke(NativeMethodAccessorImpl.java:62)
                        	at sun.reflect.DelegatingMethodAccessorImpl.invoke(DelegatingMethodAccessorImpl.java:43)
                        	at java.lang.reflect.Method.invoke(Method.java:483)
                        	at org.testng.internal.MethodInvocationHelper.invokeMethod(MethodInvocationHelper.java:85)
                        	at org.testng.internal.Invoker.invokeMethod(Invoker.java:639)
                        	at org.testng.internal.Invoker.invokeTestMethod(Invoker.java:816)
                        	at org.testng.internal.TestMethodWithDataProviderMethodWorker.call(TestMethodWithDataProviderMethodWorker.java:75)
                        	at org.testng.internal.TestMethodWithDataProviderMethodWorker.call(TestMethodWithDataProviderMethodWorker.java:14)
                        	at java.util.concurrent.FutureTask.run(FutureTask.java:266)
                        	at java.util.concurrent.Executors$RunnableAdapter.call(Executors.java:511)
                        	at java.util.concurrent.FutureTask.run(FutureTask.java:266)
                        	at java.util.concurrent.ThreadPoolExecutor.runWorker(ThreadPoolExecutor.java:1142)
                        	at java.util.concurrent.ThreadPoolExecutor$Worker.run(ThreadPoolExecutor.java:617)
                        	at java.lang.Thread.run(Thread.java:745)
                     </pre>
                  </div>
               </td>
            </tr>
            <tr id="com.qtpselenium.zoho.project.testcases.LoginTest_init_byStatus_passed_PASS1_row"
                class="testMethodStatusPASS testMethodStatusCONF">
               <td width="100%" class="firstMethodCell">
                  <a onclick="toggleDetailsVisibility('com.qtpselenium.zoho.project.testcases.LoginTest_init_byStatus_passed_PASS1_details')">init()</a>
               </td>
               <td nowrap="true">13:24:47</td>
               <td nowrap="true" align="right">3 ms
                  
               </td>
               <td nowrap="true">
                   
                  
               </td>
            </tr>
            <tr>
               <td colspan="4" class="detailsBox">
                  <div id="com.qtpselenium.zoho.project.testcases.LoginTest_init_byStatus_passed_PASS1_details"
                       class="testMethodDetails">
                     <div>
                        <b>Name: </b>init
                     </div>
                     <div>
                        <b>Signature: </b>init()[pri:0, instance:com.qtpselenium.zoho.project.testcases.LoginTest@ea1a8d5]
                     </div>
                     <div>
                        <b>Start time: </b>13:24:47
                     </div>
                     <div>
                        <b>End time: </b>13:24:47
                     </div>
                     <div>
                        <b>Duration: </b>3 ms
                        
                     </div>
                  </div>
               </td>
            </tr>
            <tr></tr>
            <tr id="com.qtpselenium.zoho.project.testcases.LoginTest_init_byStatus_passed_PASS2_row"
                class="testMethodStatusPASS testMethodStatusCONF">
               <td width="100%" class="firstMethodCell">
                  <a onclick="toggleDetailsVisibility('com.qtpselenium.zoho.project.testcases.LoginTest_init_byStatus_passed_PASS2_details')">init()</a>
               </td>
               <td nowrap="true">13:24:47</td>
               <td nowrap="true" align="right">3 ms
                  
               </td>
               <td nowrap="true">
                   
                  
               </td>
            </tr>
            <tr>
               <td colspan="4" class="detailsBox">
                  <div id="com.qtpselenium.zoho.project.testcases.LoginTest_init_byStatus_passed_PASS2_details"
                       class="testMethodDetails">
                     <div>
                        <b>Name: </b>init
                     </div>
                     <div>
                        <b>Signature: </b>init()[pri:0, instance:com.qtpselenium.zoho.project.testcases.LoginTest@ea1a8d5]
                     </div>
                     <div>
                        <b>Start time: </b>13:24:47
                     </div>
                     <div>
                        <b>End time: </b>13:24:47
                     </div>
                     <div>
                        <b>Duration: </b>3 ms
                        
                     </div>
                  </div>
               </td>
            </tr>
            <tr></tr>
            <tr id="com.qtpselenium.zoho.project.testcases.LoginTest_quit_byStatus_passed_PASS3_row"
                class="testMethodStatusPASS testMethodStatusCONF">
               <td width="100%" class="firstMethodCell">
                  <a onclick="toggleDetailsVisibility('com.qtpselenium.zoho.project.testcases.LoginTest_quit_byStatus_passed_PASS3_details')">quit()</a>
               </td>
               <td nowrap="true">13:24:47</td>
               <td nowrap="true" align="right">1s
                  
               </td>
               <td nowrap="true">
                   
                  
               </td>
            </tr>
            <tr>
               <td colspan="4" class="detailsBox">
                  <div id="com.qtpselenium.zoho.project.testcases.LoginTest_quit_byStatus_passed_PASS3_details"
                       class="testMethodDetails">
                     <div>
                        <b>Name: </b>quit
                     </div>
                     <div>
                        <b>Signature: </b>quit()[pri:0, instance:com.qtpselenium.zoho.project.testcases.LoginTest@ea1a8d5]
                     </div>
                     <div>
                        <b>Start time: </b>13:24:47
                     </div>
                     <div>
                        <b>End time: </b>13:24:48
                     </div>
                     <div>
                        <b>Duration: </b>1s
                        
                     </div>
                  </div>
               </td>
            </tr>
            <tr></tr>
            <tr id="com.qtpselenium.zoho.project.testcases.LoginTest_quit_byStatus_passed_PASS4_row"
                class="testMethodStatusPASS testMethodStatusCONF">
               <td width="100%" class="firstMethodCell">
                  <a onclick="toggleDetailsVisibility('com.qtpselenium.zoho.project.testcases.LoginTest_quit_byStatus_passed_PASS4_details')">quit()</a>
               </td>
               <td nowrap="true">13:25:17</td>
               <td nowrap="true" align="right">24s
                  
               </td>
               <td nowrap="true">
                   
                  
               </td>
            </tr>
            <tr>
               <td colspan="4" class="detailsBox">
                  <div id="com.qtpselenium.zoho.project.testcases.LoginTest_quit_byStatus_passed_PASS4_details"
                       class="testMethodDetails">
                     <div>
                        <b>Name: </b>quit
                     </div>
                     <div>
                        <b>Signature: </b>quit()[pri:0, instance:com.qtpselenium.zoho.project.testcases.LoginTest@ea1a8d5]
                     </div>
                     <div>
                        <b>Start time: </b>13:25:17
                     </div>
                     <div>
                        <b>End time: </b>13:25:42
                     </div>
                     <div>
                        <b>Duration: </b>24s
                        
                     </div>
                  </div>
               </td>
            </tr>
            <tr></tr>
            <tr id="com.qtpselenium.zoho.project.testcases.LoginTest_doLoginTest_byStatus_skiped_SKIP1_row"
                class="testMethodStatusSKIP">
               <td width="100%" class="firstMethodCell">
                  <a onclick="toggleDetailsVisibility('com.qtpselenium.zoho.project.testcases.LoginTest_doLoginTest_byStatus_skiped_SKIP1_details')">doLoginTest({Username=its.thakur@gmail.com, ExpectedResult=Y, Password=pass@1234, Runmode=N, Browser=Mozilla})</a>
               </td>
               <td nowrap="true">13:24:47</td>
               <td nowrap="true" align="right">8 ms
                  
               </td>
               <td nowrap="true">
                  <a onclick="toggleDetailsVisibility('com.qtpselenium.zoho.project.testcases.LoginTest_doLoginTest_byStatus_skiped_SKIP1_exception')">org.testng.SkipException: 
                     Skipping the test as runmode is N
                     
                  </a>
                   
                  
               </td>
            </tr>
            <tr>
               <td colspan="4" class="detailsBox">
                  <div id="com.qtpselenium.zoho.project.testcases.LoginTest_doLoginTest_byStatus_skiped_SKIP1_details"
                       class="testMethodDetails">
                     <div>
                        <b>Name: </b>doLoginTest
                     </div>
                     <div>
                        <b>Signature: </b>doLoginTest(java.util.Hashtable)[pri:0, instance:com.qtpselenium.zoho.project.testcases.LoginTest@ea1a8d5]
                     </div>
                     <div>
                        <b>Parameters: </b>
                        
                        {Username=its.thakur@gmail.com, ExpectedResult=Y, Password=pass@1234, Runmode=N, Browser=Mozilla}
                        
                        
                     </div>
                     <div>
                        <b>Start time: </b>13:24:47
                     </div>
                     <div>
                        <b>End time: </b>13:24:47
                     </div>
                     <div>
                        <b>Duration: </b>8 ms
                        
                     </div>
                  </div>
               </td>
            </tr>
            <tr>
               <td colspan="4" class="detailsBox">
                  <div id="com.qtpselenium.zoho.project.testcases.LoginTest_doLoginTest_byStatus_skiped_SKIP1_exception"
                       class="testMethodDetails">
                     <pre style="padding: 5px; margin: 0;">org.testng.SkipException: Skipping the test as runmode is N
                        	at com.qtpselenium.zoho.project.testcases.LoginTest.doLoginTest(LoginTest.java:35)
                        	at sun.reflect.NativeMethodAccessorImpl.invoke0(Native Method)
                        	at sun.reflect.NativeMethodAccessorImpl.invoke(NativeMethodAccessorImpl.java:62)
                        	at sun.reflect.DelegatingMethodAccessorImpl.invoke(DelegatingMethodAccessorImpl.java:43)
                        	at java.lang.reflect.Method.invoke(Method.java:483)
                        	at org.testng.internal.MethodInvocationHelper.invokeMethod(MethodInvocationHelper.java:85)
                        	at org.testng.internal.Invoker.invokeMethod(Invoker.java:639)
                        	at org.testng.internal.Invoker.invokeTestMethod(Invoker.java:816)
                        	at org.testng.internal.TestMethodWithDataProviderMethodWorker.call(TestMethodWithDataProviderMethodWorker.java:75)
                        	at org.testng.internal.TestMethodWithDataProviderMethodWorker.call(TestMethodWithDataProviderMethodWorker.java:14)
                        	at java.util.concurrent.FutureTask.run(FutureTask.java:266)
                        	at java.util.concurrent.Executors$RunnableAdapter.call(Executors.java:511)
                        	at java.util.concurrent.FutureTask.run(FutureTask.java:266)
                        	at java.util.concurrent.ThreadPoolExecutor.runWorker(ThreadPoolExecutor.java:1142)
                        	at java.util.concurrent.ThreadPoolExecutor$Worker.run(ThreadPoolExecutor.java:617)
                        	at java.lang.Thread.run(Thread.java:745)
                     </pre>
                  </div>
               </td>
            </tr>
         </table>
      </div>
      <div id="testMethodsByClass" style="display: none;">
         <table class="testMethodsTable" cellpadding="0" cellspacing="0">
            <tr>
               <td colspan="4">
                  <h3 style="display: inline;">com.qtpselenium.zoho.project.testcases.LoginTest</h3>
               </td>
            </tr>
            <tr class="methodsTableHeader">
               <td width="100%">Name</td>
               <td nowrap="true">Started</td>
               <td nowrap="true">Duration</td>
               <td>Exception</td>
            </tr>
            <tr id="com.qtpselenium.zoho.project.testcases.LoginTest_init_byClass_PASS1_row"
                class="testMethodStatusPASS testMethodStatusCONF">
               <td width="100%" class="firstMethodCell">
                  <a onclick="toggleDetailsVisibility('com.qtpselenium.zoho.project.testcases.LoginTest_init_byClass_PASS1_details')">init()</a>
               </td>
               <td nowrap="true">13:24:47</td>
               <td nowrap="true" align="right">3 ms
                  
               </td>
               <td nowrap="true">
                   
                  
               </td>
            </tr>
            <tr>
               <td colspan="4" class="detailsBox">
                  <div id="com.qtpselenium.zoho.project.testcases.LoginTest_init_byClass_PASS1_details"
                       class="testMethodDetails">
                     <div>
                        <b>Name: </b>init
                     </div>
                     <div>
                        <b>Signature: </b>init()[pri:0, instance:com.qtpselenium.zoho.project.testcases.LoginTest@ea1a8d5]
                     </div>
                     <div>
                        <b>Start time: </b>13:24:47
                     </div>
                     <div>
                        <b>End time: </b>13:24:47
                     </div>
                     <div>
                        <b>Duration: </b>3 ms
                        
                     </div>
                  </div>
               </td>
            </tr>
            <tr></tr>
            <tr id="com.qtpselenium.zoho.project.testcases.LoginTest_init_byClass_PASS2_row"
                class="testMethodStatusPASS testMethodStatusCONF">
               <td width="100%" class="firstMethodCell">
                  <a onclick="toggleDetailsVisibility('com.qtpselenium.zoho.project.testcases.LoginTest_init_byClass_PASS2_details')">init()</a>
               </td>
               <td nowrap="true">13:24:47</td>
               <td nowrap="true" align="right">3 ms
                  
               </td>
               <td nowrap="true">
                   
                  
               </td>
            </tr>
            <tr>
               <td colspan="4" class="detailsBox">
                  <div id="com.qtpselenium.zoho.project.testcases.LoginTest_init_byClass_PASS2_details"
                       class="testMethodDetails">
                     <div>
                        <b>Name: </b>init
                     </div>
                     <div>
                        <b>Signature: </b>init()[pri:0, instance:com.qtpselenium.zoho.project.testcases.LoginTest@ea1a8d5]
                     </div>
                     <div>
                        <b>Start time: </b>13:24:47
                     </div>
                     <div>
                        <b>End time: </b>13:24:47
                     </div>
                     <div>
                        <b>Duration: </b>3 ms
                        
                     </div>
                  </div>
               </td>
            </tr>
            <tr></tr>
            <tr id="com.qtpselenium.zoho.project.testcases.LoginTest_doLoginTest_byClass_SKIP3_row"
                class="testMethodStatusSKIP">
               <td width="100%" class="firstMethodCell">
                  <a onclick="toggleDetailsVisibility('com.qtpselenium.zoho.project.testcases.LoginTest_doLoginTest_byClass_SKIP3_details')">doLoginTest({Username=its.thakur@gmail.com, ExpectedResult=Y, Password=pass@1234, Runmode=N, Browser=Mozilla})</a>
               </td>
               <td nowrap="true">13:24:47</td>
               <td nowrap="true" align="right">8 ms
                  
               </td>
               <td nowrap="true">
                  <a onclick="toggleDetailsVisibility('com.qtpselenium.zoho.project.testcases.LoginTest_doLoginTest_byClass_SKIP3_exception')">org.testng.SkipException: 
                     Skipping the test as runmode is N
                     
                  </a>
                   
                  
               </td>
            </tr>
            <tr>
               <td colspan="4" class="detailsBox">
                  <div id="com.qtpselenium.zoho.project.testcases.LoginTest_doLoginTest_byClass_SKIP3_details"
                       class="testMethodDetails">
                     <div>
                        <b>Name: </b>doLoginTest
                     </div>
                     <div>
                        <b>Signature: </b>doLoginTest(java.util.Hashtable)[pri:0, instance:com.qtpselenium.zoho.project.testcases.LoginTest@ea1a8d5]
                     </div>
                     <div>
                        <b>Parameters: </b>
                        
                        {Username=its.thakur@gmail.com, ExpectedResult=Y, Password=pass@1234, Runmode=N, Browser=Mozilla}
                        
                        
                     </div>
                     <div>
                        <b>Start time: </b>13:24:47
                     </div>
                     <div>
                        <b>End time: </b>13:24:47
                     </div>
                     <div>
                        <b>Duration: </b>8 ms
                        
                     </div>
                  </div>
               </td>
            </tr>
            <tr>
               <td colspan="4" class="detailsBox">
                  <div id="com.qtpselenium.zoho.project.testcases.LoginTest_doLoginTest_byClass_SKIP3_exception"
                       class="testMethodDetails">
                     <pre style="padding: 5px; margin: 0;">org.testng.SkipException: Skipping the test as runmode is N
                        	at com.qtpselenium.zoho.project.testcases.LoginTest.doLoginTest(LoginTest.java:35)
                        	at sun.reflect.NativeMethodAccessorImpl.invoke0(Native Method)
                        	at sun.reflect.NativeMethodAccessorImpl.invoke(NativeMethodAccessorImpl.java:62)
                        	at sun.reflect.DelegatingMethodAccessorImpl.invoke(DelegatingMethodAccessorImpl.java:43)
                        	at java.lang.reflect.Method.invoke(Method.java:483)
                        	at org.testng.internal.MethodInvocationHelper.invokeMethod(MethodInvocationHelper.java:85)
                        	at org.testng.internal.Invoker.invokeMethod(Invoker.java:639)
                        	at org.testng.internal.Invoker.invokeTestMethod(Invoker.java:816)
                        	at org.testng.internal.TestMethodWithDataProviderMethodWorker.call(TestMethodWithDataProviderMethodWorker.java:75)
                        	at org.testng.internal.TestMethodWithDataProviderMethodWorker.call(TestMethodWithDataProviderMethodWorker.java:14)
                        	at java.util.concurrent.FutureTask.run(FutureTask.java:266)
                        	at java.util.concurrent.Executors$RunnableAdapter.call(Executors.java:511)
                        	at java.util.concurrent.FutureTask.run(FutureTask.java:266)
                        	at java.util.concurrent.ThreadPoolExecutor.runWorker(ThreadPoolExecutor.java:1142)
                        	at java.util.concurrent.ThreadPoolExecutor$Worker.run(ThreadPoolExecutor.java:617)
                        	at java.lang.Thread.run(Thread.java:745)
                     </pre>
                  </div>
               </td>
            </tr>
            <tr id="com.qtpselenium.zoho.project.testcases.LoginTest_doLoginTest_byClass_FAIL4_row"
                class="testMethodStatusFAIL">
               <td width="100%" class="firstMethodCell">
                  <a onclick="toggleDetailsVisibility('com.qtpselenium.zoho.project.testcases.LoginTest_doLoginTest_byClass_FAIL4_details')">doLoginTest({Username=its.thakur@gmail.com, ExpectedResult=Y, Password=xxxxx, Runmode=Y, Browser=Chrome})</a>
               </td>
               <td nowrap="true">13:24:47</td>
               <td nowrap="true" align="right">30s
                  
               </td>
               <td nowrap="true">
                  <a onclick="toggleDetailsVisibility('com.qtpselenium.zoho.project.testcases.LoginTest_doLoginTest_byClass_FAIL4_exception')">java.lang.NullPointerException: 
                     null value in entry: url=null
                     
                  </a>
                   
                  
               </td>
            </tr>
            <tr>
               <td colspan="4" class="detailsBox">
                  <div id="com.qtpselenium.zoho.project.testcases.LoginTest_doLoginTest_byClass_FAIL4_details"
                       class="testMethodDetails">
                     <div>
                        <b>Name: </b>doLoginTest
                     </div>
                     <div>
                        <b>Signature: </b>doLoginTest(java.util.Hashtable)[pri:0, instance:com.qtpselenium.zoho.project.testcases.LoginTest@ea1a8d5]
                     </div>
                     <div>
                        <b>Parameters: </b>
                        
                        {Username=its.thakur@gmail.com, ExpectedResult=Y, Password=xxxxx, Runmode=Y, Browser=Chrome}
                        
                        
                     </div>
                     <div>
                        <b>Start time: </b>13:24:47
                     </div>
                     <div>
                        <b>End time: </b>13:25:17
                     </div>
                     <div>
                        <b>Duration: </b>30s
                        
                     </div>
                  </div>
               </td>
            </tr>
            <tr>
               <td colspan="4" class="detailsBox">
                  <div id="com.qtpselenium.zoho.project.testcases.LoginTest_doLoginTest_byClass_FAIL4_exception"
                       class="testMethodDetails">
                     <pre style="padding: 5px; margin: 0;">java.lang.NullPointerException: null value in entry: url=null
                        	at com.google.common.collect.CollectPreconditions.checkEntryNotNull(CollectPreconditions.java:33)
                        	at com.google.common.collect.SingletonImmutableBiMap.&lt;init&gt;(SingletonImmutableBiMap.java:39)
                        	at com.google.common.collect.ImmutableBiMap.of(ImmutableBiMap.java:49)
                        	at com.google.common.collect.ImmutableMap.of(ImmutableMap.java:70)
                        	at org.openqa.selenium.remote.RemoteWebDriver.get(RemoteWebDriver.java:316)
                        	at com.qtpselenium.zoho.project.base.BaseTest.navigate(BaseTest.java:110)
                        	at com.qtpselenium.zoho.project.testcases.LoginTest.doLoginTest(LoginTest.java:39)
                        	at sun.reflect.NativeMethodAccessorImpl.invoke0(Native Method)
                        	at sun.reflect.NativeMethodAccessorImpl.invoke(NativeMethodAccessorImpl.java:62)
                        	at sun.reflect.DelegatingMethodAccessorImpl.invoke(DelegatingMethodAccessorImpl.java:43)
                        	at java.lang.reflect.Method.invoke(Method.java:483)
                        	at org.testng.internal.MethodInvocationHelper.invokeMethod(MethodInvocationHelper.java:85)
                        	at org.testng.internal.Invoker.invokeMethod(Invoker.java:639)
                        	at org.testng.internal.Invoker.invokeTestMethod(Invoker.java:816)
                        	at org.testng.internal.TestMethodWithDataProviderMethodWorker.call(TestMethodWithDataProviderMethodWorker.java:75)
                        	at org.testng.internal.TestMethodWithDataProviderMethodWorker.call(TestMethodWithDataProviderMethodWorker.java:14)
                        	at java.util.concurrent.FutureTask.run(FutureTask.java:266)
                        	at java.util.concurrent.Executors$RunnableAdapter.call(Executors.java:511)
                        	at java.util.concurrent.FutureTask.run(FutureTask.java:266)
                        	at java.util.concurrent.ThreadPoolExecutor.runWorker(ThreadPoolExecutor.java:1142)
                        	at java.util.concurrent.ThreadPoolExecutor$Worker.run(ThreadPoolExecutor.java:617)
                        	at java.lang.Thread.run(Thread.java:745)
                     </pre>
                  </div>
               </td>
            </tr>
            <tr id="com.qtpselenium.zoho.project.testcases.LoginTest_quit_byClass_PASS5_row"
                class="testMethodStatusPASS testMethodStatusCONF">
               <td width="100%" class="firstMethodCell">
                  <a onclick="toggleDetailsVisibility('com.qtpselenium.zoho.project.testcases.LoginTest_quit_byClass_PASS5_details')">quit()</a>
               </td>
               <td nowrap="true">13:24:47</td>
               <td nowrap="true" align="right">1s
                  
               </td>
               <td nowrap="true">
                   
                  
               </td>
            </tr>
            <tr>
               <td colspan="4" class="detailsBox">
                  <div id="com.qtpselenium.zoho.project.testcases.LoginTest_quit_byClass_PASS5_details"
                       class="testMethodDetails">
                     <div>
                        <b>Name: </b>quit
                     </div>
                     <div>
                        <b>Signature: </b>quit()[pri:0, instance:com.qtpselenium.zoho.project.testcases.LoginTest@ea1a8d5]
                     </div>
                     <div>
                        <b>Start time: </b>13:24:47
                     </div>
                     <div>
                        <b>End time: </b>13:24:48
                     </div>
                     <div>
                        <b>Duration: </b>1s
                        
                     </div>
                  </div>
               </td>
            </tr>
            <tr></tr>
            <tr id="com.qtpselenium.zoho.project.testcases.LoginTest_quit_byClass_PASS6_row"
                class="testMethodStatusPASS testMethodStatusCONF">
               <td width="100%" class="firstMethodCell">
                  <a onclick="toggleDetailsVisibility('com.qtpselenium.zoho.project.testcases.LoginTest_quit_byClass_PASS6_details')">quit()</a>
               </td>
               <td nowrap="true">13:25:17</td>
               <td nowrap="true" align="right">24s
                  
               </td>
               <td nowrap="true">
                   
                  
               </td>
            </tr>
            <tr>
               <td colspan="4" class="detailsBox">
                  <div id="com.qtpselenium.zoho.project.testcases.LoginTest_quit_byClass_PASS6_details"
                       class="testMethodDetails">
                     <div>
                        <b>Name: </b>quit
                     </div>
                     <div>
                        <b>Signature: </b>quit()[pri:0, instance:com.qtpselenium.zoho.project.testcases.LoginTest@ea1a8d5]
                     </div>
                     <div>
                        <b>Start time: </b>13:25:17
                     </div>
                     <div>
                        <b>End time: </b>13:25:42
                     </div>
                     <div>
                        <b>Duration: </b>24s
                        
                     </div>
                  </div>
               </td>
            </tr>
            <tr></tr>
         </table>
         <br></br>
      </div>
      <div style="margin-top: 15px; color: gray; text-align: center; font-size: 9px;">
         Generated with
         
         <a href="http://code.google.com/p/testng-xslt/" style="color: #8888aa;"
            target="_blank">
            TestNG XSLT
            
         </a>
      </div>
   </body>
</html>