<?xml version="1.0" encoding="UTF-8"?>
<testng-results skipped="6" failed="1" total="9" passed="2">
  <reporter-output>
  </reporter-output>
  <suite name="SuiteName" duration-ms="1010" started-at="2016-05-02T16:45:17Z" finished-at="2016-05-02T16:45:18Z">
    <groups>
    </groups>
    <test name="TestA" duration-ms="267" started-at="2016-05-02T16:45:17Z" finished-at="2016-05-02T16:45:17Z">
      <class name="com.qtpselenium.core.ddf.testcases.DummyTestA">
        <test-method status="FAIL" signature="testA1()[pri:0, instance:com.qtpselenium.core.ddf.testcases.DummyTestA@704d6e83]" name="testA1" duration-ms="12" started-at="2016-05-02T22:15:17Z" finished-at="2016-05-02T22:15:17Z">
          <exception class="java.lang.AssertionError">
            <message>
              <![CDATA[null]]>
            </message>
            <full-stacktrace>
              <![CDATA[java.lang.AssertionError: null
	at org.testng.Assert.fail(Assert.java:94)
	at org.testng.Assert.fail(Assert.java:101)
	at com.qtpselenium.core.ddf.testcases.DummyTestA.testA1(DummyTestA.java:14)
	at sun.reflect.NativeMethodAccessorImpl.invoke0(Native Method)
	at sun.reflect.NativeMethodAccessorImpl.invoke(Unknown Source)
	at sun.reflect.DelegatingMethodAccessorImpl.invoke(Unknown Source)
	at java.lang.reflect.Method.invoke(Unknown Source)
	at org.testng.internal.MethodInvocationHelper.invokeMethod(MethodInvocationHelper.java:84)
	at org.testng.internal.Invoker.invokeMethod(Invoker.java:714)
	at org.testng.internal.Invoker.invokeTestMethod(Invoker.java:901)
	at org.testng.internal.Invoker.invokeTestMethods(Invoker.java:1231)
	at org.testng.internal.TestMethodWorker.invokeTestMethods(TestMethodWorker.java:127)
	at org.testng.internal.TestMethodWorker.run(TestMethodWorker.java:111)
	at org.testng.TestRunner.privateRun(TestRunner.java:767)
	at org.testng.TestRunner.run(TestRunner.java:617)
	at org.testng.SuiteRunner.runTest(SuiteRunner.java:334)
	at org.testng.SuiteRunner.runSequentially(SuiteRunner.java:329)
	at org.testng.SuiteRunner.privateRun(SuiteRunner.java:291)
	at org.testng.SuiteRunner.run(SuiteRunner.java:240)
	at org.testng.SuiteRunnerWorker.runSuite(SuiteRunnerWorker.java:52)
	at org.testng.SuiteRunnerWorker.run(SuiteRunnerWorker.java:86)
	at org.testng.TestNG.runSuitesSequentially(TestNG.java:1224)
	at org.testng.TestNG.runSuitesLocally(TestNG.java:1149)
	at org.testng.TestNG.run(TestNG.java:1057)
	at org.testng.remote.RemoteTestNG.run(RemoteTestNG.java:111)
	at org.testng.remote.RemoteTestNG.initAndRun(RemoteTestNG.java:204)
	at org.testng.remote.RemoteTestNG.main(RemoteTestNG.java:175)
]]>
            </full-stacktrace>
          </exception> <!-- java.lang.AssertionError -->
          <reporter-output>
          </reporter-output>
        </test-method> <!-- testA1 -->
        <test-method status="PASS" signature="quit()[pri:0, instance:com.qtpselenium.core.ddf.testcases.DummyTestA@704d6e83]" name="quit" is-config="true" duration-ms="241" started-at="2016-05-02T22:15:17Z" finished-at="2016-05-02T22:15:17Z">
          <reporter-output>
          </reporter-output>
        </test-method> <!-- quit -->
        <test-method status="SKIP" signature="testA2()[pri:0, instance:com.qtpselenium.core.ddf.testcases.DummyTestA@704d6e83]" name="testA2" duration-ms="0" started-at="2016-05-02T22:15:17Z" depends-on-methods="com.qtpselenium.core.ddf.testcases.DummyTestA.testA1" finished-at="2016-05-02T22:15:17Z">
          <reporter-output>
          </reporter-output>
        </test-method> <!-- testA2 -->
        <test-method status="SKIP" signature="testA3()[pri:0, instance:com.qtpselenium.core.ddf.testcases.DummyTestA@704d6e83]" name="testA3" duration-ms="0" started-at="2016-05-02T22:15:17Z" depends-on-methods="com.qtpselenium.core.ddf.testcases.DummyTestA.testA2, com.qtpselenium.core.ddf.testcases.DummyTestA.testA1" finished-at="2016-05-02T22:15:17Z">
          <reporter-output>
          </reporter-output>
        </test-method> <!-- testA3 -->
      </class> <!-- com.qtpselenium.core.ddf.testcases.DummyTestA -->
    </test> <!-- TestA -->
    <test name="TestB" duration-ms="528" started-at="2016-05-02T16:45:17Z" finished-at="2016-05-02T16:45:18Z">
      <class name="com.qtpselenium.core.ddf.testcases.DummyTestB">
        <test-method status="PASS" signature="init()[pri:0, instance:com.qtpselenium.core.ddf.testcases.DummyTestB@5fdba6f9]" name="init" is-config="true" duration-ms="2" started-at="2016-05-02T22:15:18Z" finished-at="2016-05-02T22:15:18Z">
          <reporter-output>
          </reporter-output>
        </test-method> <!-- init -->
        <test-method status="SKIP" signature="testB(java.util.Hashtable)[pri:0, instance:com.qtpselenium.core.ddf.testcases.DummyTestB@5fdba6f9]" name="testB" duration-ms="2" started-at="2016-05-02T22:15:18Z" data-provider="getData" finished-at="2016-05-02T22:15:18Z">
          <params>
            <param index="0">
              <value>
                <![CDATA[{Col4=B4, Col3=B3, Col2=B2, Col1=B1, Runmode=Y}]]>
              </value>
            </param>
          </params>
          <exception class="org.testng.SkipException">
            <message>
              <![CDATA[Skipping the test as runmode is N]]>
            </message>
            <full-stacktrace>
              <![CDATA[org.testng.SkipException: Skipping the test as runmode is N
	at com.qtpselenium.core.ddf.testcases.DummyTestB.testB(DummyTestB.java:31)
	at sun.reflect.NativeMethodAccessorImpl.invoke0(Native Method)
	at sun.reflect.NativeMethodAccessorImpl.invoke(Unknown Source)
	at sun.reflect.DelegatingMethodAccessorImpl.invoke(Unknown Source)
	at java.lang.reflect.Method.invoke(Unknown Source)
	at org.testng.internal.MethodInvocationHelper.invokeMethod(MethodInvocationHelper.java:84)
	at org.testng.internal.Invoker.invokeMethod(Invoker.java:714)
	at org.testng.internal.Invoker.invokeTestMethod(Invoker.java:901)
	at org.testng.internal.Invoker.invokeTestMethods(Invoker.java:1231)
	at org.testng.internal.TestMethodWorker.invokeTestMethods(TestMethodWorker.java:127)
	at org.testng.internal.TestMethodWorker.run(TestMethodWorker.java:111)
	at org.testng.TestRunner.privateRun(TestRunner.java:767)
	at org.testng.TestRunner.run(TestRunner.java:617)
	at org.testng.SuiteRunner.runTest(SuiteRunner.java:334)
	at org.testng.SuiteRunner.runSequentially(SuiteRunner.java:329)
	at org.testng.SuiteRunner.privateRun(SuiteRunner.java:291)
	at org.testng.SuiteRunner.run(SuiteRunner.java:240)
	at org.testng.SuiteRunnerWorker.runSuite(SuiteRunnerWorker.java:52)
	at org.testng.SuiteRunnerWorker.run(SuiteRunnerWorker.java:86)
	at org.testng.TestNG.runSuitesSequentially(TestNG.java:1224)
	at org.testng.TestNG.runSuitesLocally(TestNG.java:1149)
	at org.testng.TestNG.run(TestNG.java:1057)
	at org.testng.remote.RemoteTestNG.run(RemoteTestNG.java:111)
	at org.testng.remote.RemoteTestNG.initAndRun(RemoteTestNG.java:204)
	at org.testng.remote.RemoteTestNG.main(RemoteTestNG.java:175)
]]>
            </full-stacktrace>
          </exception> <!-- org.testng.SkipException -->
          <reporter-output>
          </reporter-output>
        </test-method> <!-- testB -->
        <test-method status="PASS" signature="quit()[pri:0, instance:com.qtpselenium.core.ddf.testcases.DummyTestB@5fdba6f9]" name="quit" is-config="true" duration-ms="47" started-at="2016-05-02T22:15:18Z" finished-at="2016-05-02T22:15:18Z">
          <reporter-output>
          </reporter-output>
        </test-method> <!-- quit -->
        <test-method status="SKIP" signature="testB(java.util.Hashtable)[pri:0, instance:com.qtpselenium.core.ddf.testcases.DummyTestB@5fdba6f9]" name="testB" duration-ms="2" started-at="2016-05-02T22:15:18Z" data-provider="getData" finished-at="2016-05-02T22:15:18Z">
          <params>
            <param index="0">
              <value>
                <![CDATA[{Col4=B8, Col3=B7, Col2=B6, Col1=B5, Runmode=N}]]>
              </value>
            </param>
          </params>
          <exception class="org.testng.SkipException">
            <message>
              <![CDATA[Skipping the test as runmode is N]]>
            </message>
            <full-stacktrace>
              <![CDATA[org.testng.SkipException: Skipping the test as runmode is N
	at com.qtpselenium.core.ddf.testcases.DummyTestB.testB(DummyTestB.java:31)
	at sun.reflect.NativeMethodAccessorImpl.invoke0(Native Method)
	at sun.reflect.NativeMethodAccessorImpl.invoke(Unknown Source)
	at sun.reflect.DelegatingMethodAccessorImpl.invoke(Unknown Source)
	at java.lang.reflect.Method.invoke(Unknown Source)
	at org.testng.internal.MethodInvocationHelper.invokeMethod(MethodInvocationHelper.java:84)
	at org.testng.internal.Invoker.invokeMethod(Invoker.java:714)
	at org.testng.internal.Invoker.invokeTestMethod(Invoker.java:901)
	at org.testng.internal.Invoker.invokeTestMethods(Invoker.java:1231)
	at org.testng.internal.TestMethodWorker.invokeTestMethods(TestMethodWorker.java:127)
	at org.testng.internal.TestMethodWorker.run(TestMethodWorker.java:111)
	at org.testng.TestRunner.privateRun(TestRunner.java:767)
	at org.testng.TestRunner.run(TestRunner.java:617)
	at org.testng.SuiteRunner.runTest(SuiteRunner.java:334)
	at org.testng.SuiteRunner.runSequentially(SuiteRunner.java:329)
	at org.testng.SuiteRunner.privateRun(SuiteRunner.java:291)
	at org.testng.SuiteRunner.run(SuiteRunner.java:240)
	at org.testng.SuiteRunnerWorker.runSuite(SuiteRunnerWorker.java:52)
	at org.testng.SuiteRunnerWorker.run(SuiteRunnerWorker.java:86)
	at org.testng.TestNG.runSuitesSequentially(TestNG.java:1224)
	at org.testng.TestNG.runSuitesLocally(TestNG.java:1149)
	at org.testng.TestNG.run(TestNG.java:1057)
	at org.testng.remote.RemoteTestNG.run(RemoteTestNG.java:111)
	at org.testng.remote.RemoteTestNG.initAndRun(RemoteTestNG.java:204)
	at org.testng.remote.RemoteTestNG.main(RemoteTestNG.java:175)
]]>
            </full-stacktrace>
          </exception> <!-- org.testng.SkipException -->
          <reporter-output>
          </reporter-output>
        </test-method> <!-- testB -->
        <test-method status="PASS" signature="init()[pri:0, instance:com.qtpselenium.core.ddf.testcases.DummyTestB@5fdba6f9]" name="init" is-config="true" duration-ms="0" started-at="2016-05-02T22:15:18Z" finished-at="2016-05-02T22:15:18Z">
          <reporter-output>
          </reporter-output>
        </test-method> <!-- init -->
        <test-method status="PASS" signature="quit()[pri:0, instance:com.qtpselenium.core.ddf.testcases.DummyTestB@5fdba6f9]" name="quit" is-config="true" duration-ms="33" started-at="2016-05-02T22:15:18Z" finished-at="2016-05-02T22:15:18Z">
          <reporter-output>
          </reporter-output>
        </test-method> <!-- quit -->
      </class> <!-- com.qtpselenium.core.ddf.testcases.DummyTestB -->
    </test> <!-- TestB -->
    <test name="TestC" duration-ms="200" started-at="2016-05-02T16:45:18Z" finished-at="2016-05-02T16:45:18Z">
      <class name="com.qtpselenium.core.ddf.testcases.DummyTestC">
        <test-method status="PASS" signature="testC(java.util.Hashtable)[pri:0, instance:com.qtpselenium.core.ddf.testcases.DummyTestC@68ceda24]" name="testC" duration-ms="2" started-at="2016-05-02T22:15:18Z" data-provider="getData" finished-at="2016-05-02T22:15:18Z">
          <params>
            <param index="0">
              <value>
                <![CDATA[{Col2=C2, Col1=C1, Runmode=Y}]]>
              </value>
            </param>
          </params>
          <reporter-output>
          </reporter-output>
        </test-method> <!-- testC -->
        <test-method status="PASS" signature="quit()[pri:0, instance:com.qtpselenium.core.ddf.testcases.DummyTestC@68ceda24]" name="quit" is-config="true" duration-ms="37" started-at="2016-05-02T22:15:18Z" finished-at="2016-05-02T22:15:18Z">
          <reporter-output>
          </reporter-output>
        </test-method> <!-- quit -->
        <test-method status="SKIP" signature="testC(java.util.Hashtable)[pri:0, instance:com.qtpselenium.core.ddf.testcases.DummyTestC@68ceda24]" name="testC" duration-ms="1" started-at="2016-05-02T22:15:18Z" data-provider="getData" finished-at="2016-05-02T22:15:18Z">
          <params>
            <param index="0">
              <value>
                <![CDATA[{Col2=C4, Col1=C3, Runmode=N}]]>
              </value>
            </param>
          </params>
          <exception class="org.testng.SkipException">
            <message>
              <![CDATA[Skipping the test as runmode is N]]>
            </message>
            <full-stacktrace>
              <![CDATA[org.testng.SkipException: Skipping the test as runmode is N
	at com.qtpselenium.core.ddf.testcases.DummyTestC.testC(DummyTestC.java:28)
	at sun.reflect.NativeMethodAccessorImpl.invoke0(Native Method)
	at sun.reflect.NativeMethodAccessorImpl.invoke(Unknown Source)
	at sun.reflect.DelegatingMethodAccessorImpl.invoke(Unknown Source)
	at java.lang.reflect.Method.invoke(Unknown Source)
	at org.testng.internal.MethodInvocationHelper.invokeMethod(MethodInvocationHelper.java:84)
	at org.testng.internal.Invoker.invokeMethod(Invoker.java:714)
	at org.testng.internal.Invoker.invokeTestMethod(Invoker.java:901)
	at org.testng.internal.Invoker.invokeTestMethods(Invoker.java:1231)
	at org.testng.internal.TestMethodWorker.invokeTestMethods(TestMethodWorker.java:127)
	at org.testng.internal.TestMethodWorker.run(TestMethodWorker.java:111)
	at org.testng.TestRunner.privateRun(TestRunner.java:767)
	at org.testng.TestRunner.run(TestRunner.java:617)
	at org.testng.SuiteRunner.runTest(SuiteRunner.java:334)
	at org.testng.SuiteRunner.runSequentially(SuiteRunner.java:329)
	at org.testng.SuiteRunner.privateRun(SuiteRunner.java:291)
	at org.testng.SuiteRunner.run(SuiteRunner.java:240)
	at org.testng.SuiteRunnerWorker.runSuite(SuiteRunnerWorker.java:52)
	at org.testng.SuiteRunnerWorker.run(SuiteRunnerWorker.java:86)
	at org.testng.TestNG.runSuitesSequentially(TestNG.java:1224)
	at org.testng.TestNG.runSuitesLocally(TestNG.java:1149)
	at org.testng.TestNG.run(TestNG.java:1057)
	at org.testng.remote.RemoteTestNG.run(RemoteTestNG.java:111)
	at org.testng.remote.RemoteTestNG.initAndRun(RemoteTestNG.java:204)
	at org.testng.remote.RemoteTestNG.main(RemoteTestNG.java:175)
]]>
            </full-stacktrace>
          </exception> <!-- org.testng.SkipException -->
          <reporter-output>
          </reporter-output>
        </test-method> <!-- testC -->
        <test-method status="PASS" signature="quit()[pri:0, instance:com.qtpselenium.core.ddf.testcases.DummyTestC@68ceda24]" name="quit" is-config="true" duration-ms="40" started-at="2016-05-02T22:15:18Z" finished-at="2016-05-02T22:15:18Z">
          <reporter-output>
          </reporter-output>
        </test-method> <!-- quit -->
        <test-method status="PASS" signature="testC(java.util.Hashtable)[pri:0, instance:com.qtpselenium.core.ddf.testcases.DummyTestC@68ceda24]" name="testC" duration-ms="1" started-at="2016-05-02T22:15:18Z" data-provider="getData" finished-at="2016-05-02T22:15:18Z">
          <params>
            <param index="0">
              <value>
                <![CDATA[{Col2=C6, Col1=C5, Runmode=Y}]]>
              </value>
            </param>
          </params>
          <reporter-output>
          </reporter-output>
        </test-method> <!-- testC -->
        <test-method status="PASS" signature="quit()[pri:0, instance:com.qtpselenium.core.ddf.testcases.DummyTestC@68ceda24]" name="quit" is-config="true" duration-ms="33" started-at="2016-05-02T22:15:18Z" finished-at="2016-05-02T22:15:18Z">
          <reporter-output>
          </reporter-output>
        </test-method> <!-- quit -->
        <test-method status="SKIP" signature="testC(java.util.Hashtable)[pri:0, instance:com.qtpselenium.core.ddf.testcases.DummyTestC@68ceda24]" name="testC" duration-ms="1" started-at="2016-05-02T22:15:18Z" data-provider="getData" finished-at="2016-05-02T22:15:18Z">
          <params>
            <param index="0">
              <value>
                <![CDATA[{Col2=C8, Col1=C7, Runmode=N}]]>
              </value>
            </param>
          </params>
          <exception class="org.testng.SkipException">
            <message>
              <![CDATA[Skipping the test as runmode is N]]>
            </message>
            <full-stacktrace>
              <![CDATA[org.testng.SkipException: Skipping the test as runmode is N
	at com.qtpselenium.core.ddf.testcases.DummyTestC.testC(DummyTestC.java:28)
	at sun.reflect.NativeMethodAccessorImpl.invoke0(Native Method)
	at sun.reflect.NativeMethodAccessorImpl.invoke(Unknown Source)
	at sun.reflect.DelegatingMethodAccessorImpl.invoke(Unknown Source)
	at java.lang.reflect.Method.invoke(Unknown Source)
	at org.testng.internal.MethodInvocationHelper.invokeMethod(MethodInvocationHelper.java:84)
	at org.testng.internal.Invoker.invokeMethod(Invoker.java:714)
	at org.testng.internal.Invoker.invokeTestMethod(Invoker.java:901)
	at org.testng.internal.Invoker.invokeTestMethods(Invoker.java:1231)
	at org.testng.internal.TestMethodWorker.invokeTestMethods(TestMethodWorker.java:127)
	at org.testng.internal.TestMethodWorker.run(TestMethodWorker.java:111)
	at org.testng.TestRunner.privateRun(TestRunner.java:767)
	at org.testng.TestRunner.run(TestRunner.java:617)
	at org.testng.SuiteRunner.runTest(SuiteRunner.java:334)
	at org.testng.SuiteRunner.runSequentially(SuiteRunner.java:329)
	at org.testng.SuiteRunner.privateRun(SuiteRunner.java:291)
	at org.testng.SuiteRunner.run(SuiteRunner.java:240)
	at org.testng.SuiteRunnerWorker.runSuite(SuiteRunnerWorker.java:52)
	at org.testng.SuiteRunnerWorker.run(SuiteRunnerWorker.java:86)
	at org.testng.TestNG.runSuitesSequentially(TestNG.java:1224)
	at org.testng.TestNG.runSuitesLocally(TestNG.java:1149)
	at org.testng.TestNG.run(TestNG.java:1057)
	at org.testng.remote.RemoteTestNG.run(RemoteTestNG.java:111)
	at org.testng.remote.RemoteTestNG.initAndRun(RemoteTestNG.java:204)
	at org.testng.remote.RemoteTestNG.main(RemoteTestNG.java:175)
]]>
            </full-stacktrace>
          </exception> <!-- org.testng.SkipException -->
          <reporter-output>
          </reporter-output>
        </test-method> <!-- testC -->
        <test-method status="PASS" signature="quit()[pri:0, instance:com.qtpselenium.core.ddf.testcases.DummyTestC@68ceda24]" name="quit" is-config="true" duration-ms="27" started-at="2016-05-02T22:15:18Z" finished-at="2016-05-02T22:15:18Z">
          <reporter-output>
          </reporter-output>
        </test-method> <!-- quit -->
      </class> <!-- com.qtpselenium.core.ddf.testcases.DummyTestC -->
    </test> <!-- TestC -->
  </suite> <!-- SuiteName -->
</testng-results>
